Unity Editor version:    2021.3.4f1 (cb45f9cae8b7)
Branch:                  2021.3/staging
Build type:              Release
Batch mode:              YES
macOS version:           Version 10.15.7 (Build 19H1922)
Darwin version:          19.6.0
Architecture:            x86_64
Running under Rosetta:   NO
Available memory:        8192 MB
Using pre-set license
Pro License: YES

COMMAND LINE ARGUMENTS:
/Applications/Unity/Hub/Editor/2021.3.4f1/Unity.app/Contents/MacOS/Unity
-adb2
-batchMode
-noUpm
-name
AssetImportWorker0
-projectPath
/Users/houchins/School/Summer_2022/Unity Projects/education-metaverse/Room Layout
-logFile
Logs/AssetImportWorker0.log
-srvPort
60819
Successfully changed project path to: /Users/houchins/School/Summer_2022/Unity Projects/education-metaverse/Room Layout
/Users/houchins/School/Summer_2022/Unity Projects/education-metaverse/Room Layout
[UnityMemory] Configuration Parameters - Can be set up in boot.config
    "memorysetup-bucket-allocator-granularity=16"
    "memorysetup-bucket-allocator-bucket-count=8"
    "memorysetup-bucket-allocator-block-size=33554432"
    "memorysetup-bucket-allocator-block-count=8"
    "memorysetup-main-allocator-block-size=16777216"
    "memorysetup-thread-allocator-block-size=16777216"
    "memorysetup-gfx-main-allocator-block-size=16777216"
    "memorysetup-gfx-thread-allocator-block-size=16777216"
    "memorysetup-cache-allocator-block-size=4194304"
    "memorysetup-typetree-allocator-block-size=2097152"
    "memorysetup-profiler-bucket-allocator-granularity=16"
    "memorysetup-profiler-bucket-allocator-bucket-count=8"
    "memorysetup-profiler-bucket-allocator-block-size=33554432"
    "memorysetup-profiler-bucket-allocator-block-count=8"
    "memorysetup-profiler-allocator-block-size=16777216"
    "memorysetup-profiler-editor-allocator-block-size=1048576"
    "memorysetup-temp-allocator-size-main=16777216"
    "memorysetup-job-temp-allocator-block-size=2097152"
    "memorysetup-job-temp-allocator-block-size-background=1048576"
    "memorysetup-job-temp-allocator-reduction-small-platforms=262144"
    "memorysetup-temp-allocator-size-background-worker=32768"
    "memorysetup-temp-allocator-size-job-worker=262144"
    "memorysetup-temp-allocator-size-preload-manager=33554432"
    "memorysetup-temp-allocator-size-nav-mesh-worker=65536"
    "memorysetup-temp-allocator-size-audio-worker=65536"
    "memorysetup-temp-allocator-size-cloud-worker=32768"
    "memorysetup-temp-allocator-size-gi-baking-worker=262144"
    "memorysetup-temp-allocator-size-gfx=262144"
Refreshing native plugins compatible for Editor in 1893.16 ms, found 4 plugins.
Preloading 1 native plugins for Editor in 165.93 ms.
Initialize engine version: 2021.3.4f1 (cb45f9cae8b7)
[Subsystems] Discovering subsystems at path /Applications/Unity/Hub/Editor/2021.3.4f1/Unity.app/Contents/Resources/UnitySubsystems
[Subsystems] Discovering subsystems at path /Users/houchins/School/Summer_2022/Unity Projects/education-metaverse/Room Layout/Assets
GfxDevice: creating device client; threaded=0; jobified=0
Color LCD preferred device: Intel(R) Iris(TM) Plus Graphics (low power)
Metal devices available: 1
0: Intel(R) Iris(TM) Plus Graphics (low power)
Using device Intel(R) Iris(TM) Plus Graphics (low power)
Initializing Metal device caps: Intel(R) Iris(TM) Plus Graphics
Shader 'Oculus/OVRMRCameraFrameLit': fallback shader 'Alpha-Diffuse' not found
Initialize mono
Mono path[0] = '/Applications/Unity/Hub/Editor/2021.3.4f1/Unity.app/Contents/Managed'
Mono path[1] = '/Applications/Unity/Hub/Editor/2021.3.4f1/Unity.app/Contents/MonoBleedingEdge/lib/mono/unityjit-macos'
Mono config path = '/Applications/Unity/Hub/Editor/2021.3.4f1/Unity.app/Contents/MonoBleedingEdge/etc'
Using monoOptions --debugger-agent=transport=dt_socket,embedding=1,server=y,suspend=n,address=127.0.0.1:56673
Begin MonoManager ReloadAssembly
Registering precompiled unity dll's ...
Register platform support module: /Applications/Unity/Hub/Editor/2021.3.4f1/PlaybackEngines/WebGLSupport/UnityEditor.WebGL.Extensions.dll
Register platform support module: /Applications/Unity/Hub/Editor/2021.3.4f1/Unity.app/Contents/PlaybackEngines/MacStandaloneSupport/UnityEditor.OSXStandalone.Extensions.dll
Register platform support module: /Applications/Unity/Hub/Editor/2021.3.4f1/PlaybackEngines/AndroidPlayer/UnityEditor.Android.Extensions.dll
Registered in 0.029815 seconds.
Native extension for Android target not found
Native extension for OSXStandalone target not found
Native extension for WebGL target not found
Refreshing native plugins compatible for Editor in 396.82 ms, found 4 plugins.
Preloading 1 native plugins for Editor in 0.75 ms.
Mono: successfully reloaded assembly
- Completed reload, in  4.221 seconds
Domain Reload Profiling:
	ReloadAssembly (4224ms)
		BeginReloadAssembly (965ms)
			ExecutionOrderSort (0ms)
			DisableScriptedObjects (0ms)
			BackupInstance (0ms)
			ReleaseScriptingObjects (0ms)
			CreateAndSetChildDomain (7ms)
		EndReloadAssembly (2417ms)
			LoadAssemblies (987ms)
			RebuildTransferFunctionScriptingTraits (7ms)
			SetupTypeCache (672ms)
			ReleaseScriptCaches (0ms)
			RebuildScriptCaches (71ms)
			SetupLoadedEditorAssemblies (1297ms)
				LogAssemblyErrors (0ms)
				InitializePlatformSupportModulesInManaged (80ms)
				SetLoadedEditorAssemblies (0ms)
				RefreshPlugins (398ms)
				BeforeProcessingInitializeOnLoad (16ms)
				ProcessInitializeOnLoadAttributes (626ms)
				ProcessInitializeOnLoadMethodAttributes (161ms)
				AfterProcessingInitializeOnLoad (0ms)
				EditorAssembliesLoaded (16ms)
			ExecutionOrderSort2 (0ms)
			AwakeInstancesAfterBackupRestoration (0ms)
Platform modules already initialized, skipping
Registering precompiled user dll's ...
Registered in 0.120506 seconds.
Begin MonoManager ReloadAssembly
Symbol file LoadedFromMemory doesn't match image /Users/houchins/School/Summer_2022/Unity Projects/education-metaverse/Room Layout/Library/PackageCache/com.unity.visualscripting@1.7.8/Editor/VisualScripting.Core/Dependencies/DotNetZip/Unity.VisualScripting.IonicZip.dll
Symbol file LoadedFromMemory doesn't match image /Users/houchins/School/Summer_2022/Unity Projects/education-metaverse/Room Layout/Library/PackageCache/com.unity.visualscripting@1.7.8/Editor/VisualScripting.Core/Dependencies/YamlDotNet/Unity.VisualScripting.YamlDotNet.dll
Native extension for Android target not found
Native extension for OSXStandalone target not found
Native extension for WebGL target not found
Refreshing native plugins compatible for Editor in 240.39 ms, found 4 plugins.
Preloading 1 native plugins for Editor in 1.10 ms.
Package Manager log level set to [2]
Mono: successfully reloaded assembly
- Completed reload, in  6.803 seconds
Domain Reload Profiling:
	ReloadAssembly (6808ms)
		BeginReloadAssembly (486ms)
			ExecutionOrderSort (0ms)
			DisableScriptedObjects (11ms)
			BackupInstance (0ms)
			ReleaseScriptingObjects (0ms)
			CreateAndSetChildDomain (113ms)
		EndReloadAssembly (5865ms)
			LoadAssemblies (534ms)
			RebuildTransferFunctionScriptingTraits (0ms)
			SetupTypeCache (962ms)
			ReleaseScriptCaches (5ms)
			RebuildScriptCaches (128ms)
			SetupLoadedEditorAssemblies (4224ms)
				LogAssemblyErrors (0ms)
				InitializePlatformSupportModulesInManaged (19ms)
				SetLoadedEditorAssemblies (0ms)
				RefreshPlugins (242ms)
				BeforeProcessingInitializeOnLoad (242ms)
				ProcessInitializeOnLoadAttributes (3492ms)
				ProcessInitializeOnLoadMethodAttributes (217ms)
				AfterProcessingInitializeOnLoad (8ms)
				EditorAssembliesLoaded (4ms)
			ExecutionOrderSort2 (0ms)
			AwakeInstancesAfterBackupRestoration (26ms)
Platform modules already initialized, skipping
========================================================================
Worker process is ready to serve import requests
Shader 'Oculus/OVRMRCameraFrameLit': fallback shader 'Alpha-Diffuse' not found
Launching external process: /Applications/Unity/Hub/Editor/2021.3.4f1/Unity.app/Contents/Tools/UnityShaderCompiler
Launched and connected shader compiler UnityShaderCompiler after 0.08 seconds
Refreshing native plugins compatible for Editor in 2.18 ms, found 4 plugins.
Preloading 1 native plugins for Editor in 0.84 ms.
Unloading 5043 Unused Serialized files (Serialized files now loaded: 0)
Unloading 71 unused Assets / (1.3 MB). Loaded Objects now: 5470.
Memory consumption went from 320.1 MB to 318.7 MB.
Total: 17.833401 ms (FindLiveObjects: 10.140239 ms CreateObjectMapping: 0.341856 ms MarkObjects: 5.354498 ms  DeleteObjects: 1.995246 ms)

AssetImportParameters requested are different than current active one (requested -> active):
  custom:video-decoder-ogg-theora: a1e56fd34408186e4bbccfd4996cb3dc -> 
  custom:container-muxer-webm: aa71ff27fc2769a1b78a27578f13a17b -> 
  custom:container-demuxer-webm: 4f35f7cbe854078d1ac9338744f61a02 -> 
  custom:video-encoder-webm-vp8: eb34c28f22e8b96e1ab97ce403110664 -> 
  custom:framework-osx-AVFoundation: b23960f63f64bdc6ff669e2cdcee2391 -> 
  custom:audio-encoder-webm-vorbis: bf7c407c2cedff20999df2af8eb42d56 -> 
  custom:container-demuxer-ogg: 62fdf1f143b41e24485cea50d1cbac27 -> 
  custom:video-decoder-webm-vp8: 9c59270c3fd7afecdb556c50c9e8de78 -> 
  custom:audio-decoder-ogg-vorbis: bf7c407c2cedff20999df2af8eb42d56 -> 
========================================================================
Received Import Request.
  Time since last request: 618405.390030 seconds.
  path: Assets/Materials/Concrete Brick/Materials
  artifactKey: Guid(c13f9452995f84d7bae8def1679b6cb5) Importer(815301076,1909f56bfc062723c751e8b465ee728b)
Start importing Assets/Materials/Concrete Brick/Materials using Guid(c13f9452995f84d7bae8def1679b6cb5) Importer(815301076,1909f56bfc062723c751e8b465ee728b)  -> (artifact id: 'e16ee50968118583b63dc78bf28884ed') in 0.028464 seconds 
========================================================================
Received Import Request.
  Time since last request: 0.000103 seconds.
  path: Assets/Materials/Concrete Brick/Materials/concretebrickwall 14.mat
  artifactKey: Guid(2cb40bb08ddda475598fa44a592af908) Importer(815301076,1909f56bfc062723c751e8b465ee728b)
Start importing Assets/Materials/Concrete Brick/Materials/concretebrickwall 14.mat using Guid(2cb40bb08ddda475598fa44a592af908) Importer(815301076,1909f56bfc062723c751e8b465ee728b)  -> (artifact id: '290de91656cf12abc63b04cf22345a1e') in 1.196649 seconds 
========================================================================
Received Prepare
Registering precompiled user dll's ...
Registered in 0.029355 seconds.
Begin MonoManager ReloadAssembly
Symbol file LoadedFromMemory doesn't match image /Users/houchins/School/Summer_2022/Unity Projects/education-metaverse/Room Layout/Library/PackageCache/com.unity.visualscripting@1.7.8/Editor/VisualScripting.Core/Dependencies/DotNetZip/Unity.VisualScripting.IonicZip.dll
Symbol file LoadedFromMemory doesn't match image /Users/houchins/School/Summer_2022/Unity Projects/education-metaverse/Room Layout/Library/PackageCache/com.unity.visualscripting@1.7.8/Editor/VisualScripting.Core/Dependencies/YamlDotNet/Unity.VisualScripting.YamlDotNet.dll
Native extension for Android target not found
Native extension for OSXStandalone target not found
Native extension for WebGL target not found
Refreshing native plugins compatible for Editor in 3.52 ms, found 4 plugins.
Preloading 1 native plugins for Editor in 1.85 ms.
Mono: successfully reloaded assembly
- Completed reload, in  5.834 seconds
Domain Reload Profiling:
	ReloadAssembly (5838ms)
		BeginReloadAssembly (909ms)
			ExecutionOrderSort (0ms)
			DisableScriptedObjects (32ms)
			BackupInstance (0ms)
			ReleaseScriptingObjects (0ms)
			CreateAndSetChildDomain (399ms)
		EndReloadAssembly (4562ms)
			LoadAssemblies (627ms)
			RebuildTransferFunctionScriptingTraits (0ms)
			SetupTypeCache (1592ms)
			ReleaseScriptCaches (9ms)
			RebuildScriptCaches (374ms)
			SetupLoadedEditorAssemblies (1897ms)
				LogAssemblyErrors (0ms)
				InitializePlatformSupportModulesInManaged (97ms)
				SetLoadedEditorAssemblies (2ms)
				RefreshPlugins (6ms)
				BeforeProcessingInitializeOnLoad (359ms)
				ProcessInitializeOnLoadAttributes (1179ms)
				ProcessInitializeOnLoadMethodAttributes (249ms)
				AfterProcessingInitializeOnLoad (4ms)
				EditorAssembliesLoaded (1ms)
			ExecutionOrderSort2 (0ms)
			AwakeInstancesAfterBackupRestoration (15ms)
Platform modules already initialized, skipping
Shader 'Oculus/OVRMRCameraFrameLit': fallback shader 'Alpha-Diffuse' not found
Refreshing native plugins compatible for Editor in 19.15 ms, found 4 plugins.
Preloading 1 native plugins for Editor in 0.98 ms.
Unloading 4957 Unused Serialized files (Serialized files now loaded: 0)
Unloading 61 unused Assets / (1.3 MB). Loaded Objects now: 5513.
Memory consumption went from 325.4 MB to 324.1 MB.
Total: 8.728184 ms (FindLiveObjects: 0.644792 ms CreateObjectMapping: 0.724012 ms MarkObjects: 6.804371 ms  DeleteObjects: 0.552915 ms)

AssetImportParameters requested are different than current active one (requested -> active):
  custom:video-decoder-ogg-theora: a1e56fd34408186e4bbccfd4996cb3dc -> 
  custom:container-muxer-webm: aa71ff27fc2769a1b78a27578f13a17b -> 
  custom:container-demuxer-webm: 4f35f7cbe854078d1ac9338744f61a02 -> 
  custom:video-encoder-webm-vp8: eb34c28f22e8b96e1ab97ce403110664 -> 
  custom:framework-osx-AVFoundation: b23960f63f64bdc6ff669e2cdcee2391 -> 
  custom:audio-encoder-webm-vorbis: bf7c407c2cedff20999df2af8eb42d56 -> 
  custom:container-demuxer-ogg: 62fdf1f143b41e24485cea50d1cbac27 -> 
  custom:video-decoder-webm-vp8: 9c59270c3fd7afecdb556c50c9e8de78 -> 
  custom:audio-decoder-ogg-vorbis: bf7c407c2cedff20999df2af8eb42d56 -> 
========================================================================
Received Import Request.
  Time since last request: 1215.682889 seconds.
  path: Assets/Machine Functionality/Machine 1.prefab
  artifactKey: Guid(90e831b5d5b39b541b09ed3d6607b447) Importer(815301076,1909f56bfc062723c751e8b465ee728b)
Start importing Assets/Machine Functionality/Machine 1.prefab using Guid(90e831b5d5b39b541b09ed3d6607b447) Importer(815301076,1909f56bfc062723c751e8b465ee728b)  -> (artifact id: '35e77f9101f265b5f9c256fc1f3f6237') in 1.915567 seconds 
========================================================================
Received Import Request.
  Time since last request: 4779.473297 seconds.
  path: Assets/Imported Assets/AssetStoreOriginals/_SNAPS_PrototypingAssets/ModernOffice_Interior/Prefabs/Structure
  artifactKey: Guid(020ff81d9aab09e47aebe035db40f04d) Importer(815301076,1909f56bfc062723c751e8b465ee728b)
Start importing Assets/Imported Assets/AssetStoreOriginals/_SNAPS_PrototypingAssets/ModernOffice_Interior/Prefabs/Structure using Guid(020ff81d9aab09e47aebe035db40f04d) Importer(815301076,1909f56bfc062723c751e8b465ee728b)  -> (artifact id: '6853643b8f6796ee1edbec126fe84c6f') in 0.040195 seconds 
========================================================================
Received Import Request.
  Time since last request: 2.745579 seconds.
  path: Assets/Imported Assets/AssetStoreOriginals/_SNAPS_PrototypingAssets/ModernOffice_Interior/Prefabs/Structure/Floors_Ceilings
  artifactKey: Guid(91b44f28efe17844892c4b18d1e6f2cc) Importer(815301076,1909f56bfc062723c751e8b465ee728b)
Start importing Assets/Imported Assets/AssetStoreOriginals/_SNAPS_PrototypingAssets/ModernOffice_Interior/Prefabs/Structure/Floors_Ceilings using Guid(91b44f28efe17844892c4b18d1e6f2cc) Importer(815301076,1909f56bfc062723c751e8b465ee728b)  -> (artifact id: '35994ee53692a224b4b2c520f694cfa9') in 0.015584 seconds 
========================================================================
Received Import Request.
  Time since last request: 0.103493 seconds.
  path: Assets/Imported Assets/AssetStoreOriginals/_SNAPS_PrototypingAssets/ModernOffice_Interior/Prefabs/Structure/Floors_Ceilings/Classic_Ceiling_01_snaps001.prefab
  artifactKey: Guid(98ed76314c8d820429b556f5a446e393) Importer(815301076,1909f56bfc062723c751e8b465ee728b)
Start importing Assets/Imported Assets/AssetStoreOriginals/_SNAPS_PrototypingAssets/ModernOffice_Interior/Prefabs/Structure/Floors_Ceilings/Classic_Ceiling_01_snaps001.prefab using Guid(98ed76314c8d820429b556f5a446e393) Importer(815301076,1909f56bfc062723c751e8b465ee728b)  -> (artifact id: 'e01d2a5b2e69d7802931d4fad1577d1b') in 0.441123 seconds 
========================================================================
Received Import Request.
  Time since last request: 0.000229 seconds.
  path: Assets/Imported Assets/AssetStoreOriginals/_SNAPS_PrototypingAssets/ModernOffice_Interior/Prefabs/Structure/Floors_Ceilings/Neo_Ceiling_02_snaps001.prefab
  artifactKey: Guid(293e268728ae1704b931bbef9043c082) Importer(815301076,1909f56bfc062723c751e8b465ee728b)
Start importing Assets/Imported Assets/AssetStoreOriginals/_SNAPS_PrototypingAssets/ModernOffice_Interior/Prefabs/Structure/Floors_Ceilings/Neo_Ceiling_02_snaps001.prefab using Guid(293e268728ae1704b931bbef9043c082) Importer(815301076,1909f56bfc062723c751e8b465ee728b)  -> (artifact id: '5048e45d2dcb13425bfd182c91d480d3') in 0.054182 seconds 
========================================================================
Received Import Request.
  Time since last request: 0.000732 seconds.
  path: Assets/Imported Assets/AssetStoreOriginals/_SNAPS_PrototypingAssets/ModernOffice_Interior/Prefabs/Structure/Floors_Ceilings/Neo_Floor_02_snaps001.prefab
  artifactKey: Guid(9b1b38ad56a221f4bb6ad963a1996883) Importer(815301076,1909f56bfc062723c751e8b465ee728b)
Start importing Assets/Imported Assets/AssetStoreOriginals/_SNAPS_PrototypingAssets/ModernOffice_Interior/Prefabs/Structure/Floors_Ceilings/Neo_Floor_02_snaps001.prefab using Guid(9b1b38ad56a221f4bb6ad963a1996883) Importer(815301076,1909f56bfc062723c751e8b465ee728b)  -> (artifact id: 'b932d144c7f33ccda2098553591d229d') in 0.041970 seconds 
========================================================================
Received Import Request.
  Time since last request: 0.000086 seconds.
  path: Assets/Imported Assets/AssetStoreOriginals/_SNAPS_PrototypingAssets/ModernOffice_Interior/Prefabs/Structure/Floors_Ceilings/Neo_Floor_Ceiling_02_snaps001.prefab
  artifactKey: Guid(80a50c557bdf28d4bab26b2e0797562b) Importer(815301076,1909f56bfc062723c751e8b465ee728b)
Start importing Assets/Imported Assets/AssetStoreOriginals/_SNAPS_PrototypingAssets/ModernOffice_Interior/Prefabs/Structure/Floors_Ceilings/Neo_Floor_Ceiling_02_snaps001.prefab using Guid(80a50c557bdf28d4bab26b2e0797562b) Importer(815301076,1909f56bfc062723c751e8b465ee728b)  -> (artifact id: 'c697f285f71edf1870f11b9d95d00a5c') in 0.056632 seconds 
========================================================================
Received Import Request.
  Time since last request: 0.000097 seconds.
  path: Assets/Imported Assets/AssetStoreOriginals/_SNAPS_PrototypingAssets/ModernOffice_Interior/Prefabs/Structure/Floors_Ceilings/Classic_Floor_01_snaps001.prefab
  artifactKey: Guid(d70a27546822c004b81f0b6ce1dda5aa) Importer(815301076,1909f56bfc062723c751e8b465ee728b)
Start importing Assets/Imported Assets/AssetStoreOriginals/_SNAPS_PrototypingAssets/ModernOffice_Interior/Prefabs/Structure/Floors_Ceilings/Classic_Floor_01_snaps001.prefab using Guid(d70a27546822c004b81f0b6ce1dda5aa) Importer(815301076,1909f56bfc062723c751e8b465ee728b)  -> (artifact id: 'c0f2c1fc4e9436bc1afd5ca52150095f') in 0.035509 seconds 
========================================================================
Received Import Request.
  Time since last request: 0.000077 seconds.
  path: Assets/Imported Assets/AssetStoreOriginals/_SNAPS_PrototypingAssets/ModernOffice_Interior/Prefabs/Structure/Floors_Ceilings/Neo_Floor_01_snaps001.prefab
  artifactKey: Guid(238ac8785f3f5b947941aa4fd6e0ce86) Importer(815301076,1909f56bfc062723c751e8b465ee728b)
Start importing Assets/Imported Assets/AssetStoreOriginals/_SNAPS_PrototypingAssets/ModernOffice_Interior/Prefabs/Structure/Floors_Ceilings/Neo_Floor_01_snaps001.prefab using Guid(238ac8785f3f5b947941aa4fd6e0ce86) Importer(815301076,1909f56bfc062723c751e8b465ee728b)  -> (artifact id: '9d9b4a1881d9f8490d1b5f2f139b295b') in 0.034555 seconds 
========================================================================
Received Import Request.
  Time since last request: 2.982543 seconds.
  path: Assets/Imported Assets/AssetStoreOriginals/_SNAPS_PrototypingAssets/ModernOffice_Interior/Prefabs/Structure/Floors_Ceilings/Meshes
  artifactKey: Guid(0ec59949fba413d4eb524d76a35981d9) Importer(815301076,1909f56bfc062723c751e8b465ee728b)
Start importing Assets/Imported Assets/AssetStoreOriginals/_SNAPS_PrototypingAssets/ModernOffice_Interior/Prefabs/Structure/Floors_Ceilings/Meshes using Guid(0ec59949fba413d4eb524d76a35981d9) Importer(815301076,1909f56bfc062723c751e8b465ee728b)  -> (artifact id: '88fb8178e29c5f1bbd9ffdf0cb997dcd') in 0.002658 seconds 
========================================================================
Received Import Request.
  Time since last request: 0.123062 seconds.
  path: Assets/Imported Assets/AssetStoreOriginals/_SNAPS_PrototypingAssets/ModernOffice_Interior/Prefabs/Structure/Floors_Ceilings/Meshes/Classic_Ceiling_01_snaps001.asset
  artifactKey: Guid(e8e370cd886a4cb46be598947408b009) Importer(815301076,1909f56bfc062723c751e8b465ee728b)
Start importing Assets/Imported Assets/AssetStoreOriginals/_SNAPS_PrototypingAssets/ModernOffice_Interior/Prefabs/Structure/Floors_Ceilings/Meshes/Classic_Ceiling_01_snaps001.asset using Guid(e8e370cd886a4cb46be598947408b009) Importer(815301076,1909f56bfc062723c751e8b465ee728b)  -> (artifact id: 'be5e77602e774916f43f07c1b317e5c0') in 1.308081 seconds 
========================================================================
Received Import Request.
  Time since last request: 0.000110 seconds.
  path: Assets/Imported Assets/AssetStoreOriginals/_SNAPS_PrototypingAssets/ModernOffice_Interior/Prefabs/Structure/Floors_Ceilings/Meshes/Classic_Floor_01_snaps001.asset
  artifactKey: Guid(c60ba8914bde25d4797aa8e6f2f9a0ab) Importer(815301076,1909f56bfc062723c751e8b465ee728b)
Start importing Assets/Imported Assets/AssetStoreOriginals/_SNAPS_PrototypingAssets/ModernOffice_Interior/Prefabs/Structure/Floors_Ceilings/Meshes/Classic_Floor_01_snaps001.asset using Guid(c60ba8914bde25d4797aa8e6f2f9a0ab) Importer(815301076,1909f56bfc062723c751e8b465ee728b)  -> (artifact id: '5f0ce5044c4e9e312a812093fa457a7d') in 0.032548 seconds 
========================================================================
Received Import Request.
  Time since last request: 0.000103 seconds.
  path: Assets/Imported Assets/AssetStoreOriginals/_SNAPS_PrototypingAssets/ModernOffice_Interior/Prefabs/Structure/Floors_Ceilings/Meshes/Neo_Floor_02_snaps001.asset
  artifactKey: Guid(4b1ee4ab1076b1a47a3bcc29b5eab7ee) Importer(815301076,1909f56bfc062723c751e8b465ee728b)
Start importing Assets/Imported Assets/AssetStoreOriginals/_SNAPS_PrototypingAssets/ModernOffice_Interior/Prefabs/Structure/Floors_Ceilings/Meshes/Neo_Floor_02_snaps001.asset using Guid(4b1ee4ab1076b1a47a3bcc29b5eab7ee) Importer(815301076,1909f56bfc062723c751e8b465ee728b)  -> (artifact id: '3f8c3cf6ebd07a2566c86a0a8ac55227') in 0.017988 seconds 
========================================================================
Received Import Request.
  Time since last request: 0.000085 seconds.
  path: Assets/Imported Assets/AssetStoreOriginals/_SNAPS_PrototypingAssets/ModernOffice_Interior/Prefabs/Structure/Floors_Ceilings/Meshes/Neo_Ceiling_02_snaps001.asset
  artifactKey: Guid(410618c24e56dda4e984958e5d5ac2ec) Importer(815301076,1909f56bfc062723c751e8b465ee728b)
Start importing Assets/Imported Assets/AssetStoreOriginals/_SNAPS_PrototypingAssets/ModernOffice_Interior/Prefabs/Structure/Floors_Ceilings/Meshes/Neo_Ceiling_02_snaps001.asset using Guid(410618c24e56dda4e984958e5d5ac2ec) Importer(815301076,1909f56bfc062723c751e8b465ee728b)  -> (artifact id: '8b083f64670ba8b36206fd0e11756c6e') in 0.013023 seconds 
========================================================================
Received Import Request.
  Time since last request: 0.000077 seconds.
  path: Assets/Imported Assets/AssetStoreOriginals/_SNAPS_PrototypingAssets/ModernOffice_Interior/Prefabs/Structure/Floors_Ceilings/Meshes/Neo_Floor_01_snaps001.asset
  artifactKey: Guid(567033b81f83ccc44962dd545a72c833) Importer(815301076,1909f56bfc062723c751e8b465ee728b)
Start importing Assets/Imported Assets/AssetStoreOriginals/_SNAPS_PrototypingAssets/ModernOffice_Interior/Prefabs/Structure/Floors_Ceilings/Meshes/Neo_Floor_01_snaps001.asset using Guid(567033b81f83ccc44962dd545a72c833) Importer(815301076,1909f56bfc062723c751e8b465ee728b)  -> (artifact id: 'e8f1531e841a8973f2ef5ff97bfa4875') in 0.010728 seconds 
========================================================================
Received Import Request.
  Time since last request: 0.000108 seconds.
  path: Assets/Imported Assets/AssetStoreOriginals/_SNAPS_PrototypingAssets/ModernOffice_Interior/Prefabs/Structure/Floors_Ceilings/Meshes/Neo_Floor_Ceiling_02_snaps001.asset
  artifactKey: Guid(cd53d4e1b2d83b6488c75fe59721bfac) Importer(815301076,1909f56bfc062723c751e8b465ee728b)
Start importing Assets/Imported Assets/AssetStoreOriginals/_SNAPS_PrototypingAssets/ModernOffice_Interior/Prefabs/Structure/Floors_Ceilings/Meshes/Neo_Floor_Ceiling_02_snaps001.asset using Guid(cd53d4e1b2d83b6488c75fe59721bfac) Importer(815301076,1909f56bfc062723c751e8b465ee728b)  -> (artifact id: '55d1a6dffdcb91876eb15ad1e103b782') in 0.015716 seconds 
========================================================================
Received Prepare
Registering precompiled user dll's ...
Registered in 0.005073 seconds.
Begin MonoManager ReloadAssembly
Symbol file LoadedFromMemory doesn't match image /Users/houchins/School/Summer_2022/Unity Projects/education-metaverse/Room Layout/Library/PackageCache/com.unity.visualscripting@1.7.8/Editor/VisualScripting.Core/Dependencies/DotNetZip/Unity.VisualScripting.IonicZip.dll
Symbol file LoadedFromMemory doesn't match image /Users/houchins/School/Summer_2022/Unity Projects/education-metaverse/Room Layout/Library/PackageCache/com.unity.visualscripting@1.7.8/Editor/VisualScripting.Core/Dependencies/YamlDotNet/Unity.VisualScripting.YamlDotNet.dll
Native extension for Android target not found
Native extension for OSXStandalone target not found
Native extension for WebGL target not found
Refreshing native plugins compatible for Editor in 5.13 ms, found 4 plugins.
Preloading 1 native plugins for Editor in 11.12 ms.
Mono: successfully reloaded assembly
- Completed reload, in  8.997 seconds
Domain Reload Profiling:
	ReloadAssembly (9029ms)
		BeginReloadAssembly (2706ms)
			ExecutionOrderSort (0ms)
			DisableScriptedObjects (84ms)
			BackupInstance (0ms)
			ReleaseScriptingObjects (0ms)
			CreateAndSetChildDomain (1485ms)
		EndReloadAssembly (5412ms)
			LoadAssemblies (1242ms)
			RebuildTransferFunctionScriptingTraits (4ms)
			SetupTypeCache (2026ms)
			ReleaseScriptCaches (26ms)
			RebuildScriptCaches (303ms)
			SetupLoadedEditorAssemblies (1751ms)
				LogAssemblyErrors (0ms)
				InitializePlatformSupportModulesInManaged (99ms)
				SetLoadedEditorAssemblies (6ms)
				RefreshPlugins (16ms)
				BeforeProcessingInitializeOnLoad (255ms)
				ProcessInitializeOnLoadAttributes (1128ms)
				ProcessInitializeOnLoadMethodAttributes (240ms)
				AfterProcessingInitializeOnLoad (6ms)
				EditorAssembliesLoaded (1ms)
			ExecutionOrderSort2 (0ms)
			AwakeInstancesAfterBackupRestoration (49ms)
Platform modules already initialized, skipping
Shader 'Oculus/OVRMRCameraFrameLit': fallback shader 'Alpha-Diffuse' not found
Refreshing native plugins compatible for Editor in 18.89 ms, found 4 plugins.
Preloading 1 native plugins for Editor in 0.62 ms.
Unloading 4957 Unused Serialized files (Serialized files now loaded: 0)
Unloading 61 unused Assets / (1.3 MB). Loaded Objects now: 5522.
Memory consumption went from 334.6 MB to 333.3 MB.
Total: 17.132920 ms (FindLiveObjects: 1.674886 ms CreateObjectMapping: 0.766708 ms MarkObjects: 11.744406 ms  DeleteObjects: 2.942218 ms)

AssetImportParameters requested are different than current active one (requested -> active):
  custom:video-decoder-ogg-theora: a1e56fd34408186e4bbccfd4996cb3dc -> 
  custom:container-muxer-webm: aa71ff27fc2769a1b78a27578f13a17b -> 
  custom:container-demuxer-webm: 4f35f7cbe854078d1ac9338744f61a02 -> 
  custom:video-encoder-webm-vp8: eb34c28f22e8b96e1ab97ce403110664 -> 
  custom:framework-osx-AVFoundation: b23960f63f64bdc6ff669e2cdcee2391 -> 
  custom:audio-encoder-webm-vorbis: bf7c407c2cedff20999df2af8eb42d56 -> 
  custom:container-demuxer-ogg: 62fdf1f143b41e24485cea50d1cbac27 -> 
  custom:video-decoder-webm-vp8: 9c59270c3fd7afecdb556c50c9e8de78 -> 
  custom:audio-decoder-ogg-vorbis: bf7c407c2cedff20999df2af8eb42d56 -> 
========================================================================
Received Prepare
Shader 'Oculus/OVRMRCameraFrameLit': fallback shader 'Alpha-Diffuse' not found
Refreshing native plugins compatible for Editor in 19.80 ms, found 4 plugins.
Preloading 1 native plugins for Editor in 3.09 ms.
Unloading 61 Unused Serialized files (Serialized files now loaded: 0)
Unloading 61 unused Assets / (1.3 MB). Loaded Objects now: 5522.
Memory consumption went from 230.0 MB to 228.6 MB.
Total: 67.060835 ms (FindLiveObjects: 1.050291 ms CreateObjectMapping: 0.728179 ms MarkObjects: 64.848062 ms  DeleteObjects: 0.432554 ms)

AssetImportParameters requested are different than current active one (requested -> active):
  custom:video-decoder-ogg-theora: a1e56fd34408186e4bbccfd4996cb3dc -> 
  custom:container-muxer-webm: aa71ff27fc2769a1b78a27578f13a17b -> 
  custom:container-demuxer-webm: 4f35f7cbe854078d1ac9338744f61a02 -> 
  custom:video-encoder-webm-vp8: eb34c28f22e8b96e1ab97ce403110664 -> 
  custom:framework-osx-AVFoundation: b23960f63f64bdc6ff669e2cdcee2391 -> 
  custom:audio-encoder-webm-vorbis: bf7c407c2cedff20999df2af8eb42d56 -> 
  custom:container-demuxer-ogg: 62fdf1f143b41e24485cea50d1cbac27 -> 
  custom:video-decoder-webm-vp8: 9c59270c3fd7afecdb556c50c9e8de78 -> 
  custom:audio-decoder-ogg-vorbis: bf7c407c2cedff20999df2af8eb42d56 -> 
========================================================================
Received Prepare
Shader 'Oculus/OVRMRCameraFrameLit': fallback shader 'Alpha-Diffuse' not found
Refreshing native plugins compatible for Editor in 42.23 ms, found 4 plugins.
Preloading 1 native plugins for Editor in 0.92 ms.
Unloading 61 Unused Serialized files (Serialized files now loaded: 0)
Unloading 61 unused Assets / (1.4 MB). Loaded Objects now: 5522.
Memory consumption went from 230.0 MB to 228.6 MB.
Total: 10.758195 ms (FindLiveObjects: 0.856436 ms CreateObjectMapping: 0.677613 ms MarkObjects: 8.314137 ms  DeleteObjects: 0.908305 ms)

AssetImportParameters requested are different than current active one (requested -> active):
  custom:video-decoder-ogg-theora: a1e56fd34408186e4bbccfd4996cb3dc -> 
  custom:container-muxer-webm: aa71ff27fc2769a1b78a27578f13a17b -> 
  custom:container-demuxer-webm: 4f35f7cbe854078d1ac9338744f61a02 -> 
  custom:video-encoder-webm-vp8: eb34c28f22e8b96e1ab97ce403110664 -> 
  custom:framework-osx-AVFoundation: b23960f63f64bdc6ff669e2cdcee2391 -> 
  custom:audio-encoder-webm-vorbis: bf7c407c2cedff20999df2af8eb42d56 -> 
  custom:container-demuxer-ogg: 62fdf1f143b41e24485cea50d1cbac27 -> 
  custom:video-decoder-webm-vp8: 9c59270c3fd7afecdb556c50c9e8de78 -> 
  custom:audio-decoder-ogg-vorbis: bf7c407c2cedff20999df2af8eb42d56 -> 
========================================================================
Received Import Request.
  Time since last request: 1224.087043 seconds.
  path: Assets/Materials/Baked_Legal_Col_01.mat
  artifactKey: Guid(8b09c189b87fb4b708c3cbc40b0693b7) Importer(815301076,1909f56bfc062723c751e8b465ee728b)
Start importing Assets/Materials/Baked_Legal_Col_01.mat using Guid(8b09c189b87fb4b708c3cbc40b0693b7) Importer(815301076,1909f56bfc062723c751e8b465ee728b) WARNING: RGBA Compressed ASTC6X6 sRGB format is not supported, decompressing texture
 -> (artifact id: 'd2e6fc27f79a0755120fa30e9f119593') in 2.597845 seconds 
========================================================================
Received Import Request.
  Time since last request: 0.000263 seconds.
  path: Assets/Materials/Whiteboard_Specular.mat
  artifactKey: Guid(9df1bc99e8afd42cb8e80ed9e3ff9766) Importer(815301076,1909f56bfc062723c751e8b465ee728b)
Start importing Assets/Materials/Whiteboard_Specular.mat using Guid(9df1bc99e8afd42cb8e80ed9e3ff9766) Importer(815301076,1909f56bfc062723c751e8b465ee728b) WARNING: RGBA Compressed ASTC6X6 sRGB format is not supported, decompressing texture
 -> (artifact id: '1cf94462d939975c3e0c412789dfdc1f') in 0.218721 seconds 
========================================================================
Received Import Request.
  Time since last request: 0.000113 seconds.
  path: Assets/Materials/Whiteboard_Roughness.mat
  artifactKey: Guid(aeafa7b69452543ce92d142f1a435484) Importer(815301076,1909f56bfc062723c751e8b465ee728b)
Start importing Assets/Materials/Whiteboard_Roughness.mat using Guid(aeafa7b69452543ce92d142f1a435484) Importer(815301076,1909f56bfc062723c751e8b465ee728b) WARNING: RGBA Compressed ASTC6X6 sRGB format is not supported, decompressing texture
 -> (artifact id: '086ccb838565ebde9adc112a6a3e98f9') in 0.175876 seconds 
========================================================================
Received Import Request.
  Time since last request: 0.000125 seconds.
  path: Assets/Materials/not_DefaultMaterial_BaseColor.mat
  artifactKey: Guid(91e08a27e90ee415d81c3da0c2720829) Importer(815301076,1909f56bfc062723c751e8b465ee728b)
Start importing Assets/Materials/not_DefaultMaterial_BaseColor.mat using Guid(91e08a27e90ee415d81c3da0c2720829) Importer(815301076,1909f56bfc062723c751e8b465ee728b) WARNING: RGBA Compressed ASTC6X6 sRGB format is not supported, decompressing texture
 -> (artifact id: '3b0a07657010d647535c408942f614dc') in 0.178632 seconds 
========================================================================
Received Import Request.
  Time since last request: 0.000143 seconds.
  path: Assets/Materials/Whiteboard_Metalness.mat
  artifactKey: Guid(5702e9d8d717947c0b5560b5f79a0c73) Importer(815301076,1909f56bfc062723c751e8b465ee728b)
Start importing Assets/Materials/Whiteboard_Metalness.mat using Guid(5702e9d8d717947c0b5560b5f79a0c73) Importer(815301076,1909f56bfc062723c751e8b465ee728b) WARNING: RGBA Compressed ASTC6X6 sRGB format is not supported, decompressing texture
 -> (artifact id: '3ef56d891bb2c87a50c1791213bcb8d3') in 0.055548 seconds 
========================================================================
Received Import Request.
  Time since last request: 0.000163 seconds.
  path: Assets/Materials/Baked_Legal_Col_02.mat
  artifactKey: Guid(ffcd7fcee85a2496d8577ccff3a6d786) Importer(815301076,1909f56bfc062723c751e8b465ee728b)
Start importing Assets/Materials/Baked_Legal_Col_02.mat using Guid(ffcd7fcee85a2496d8577ccff3a6d786) Importer(815301076,1909f56bfc062723c751e8b465ee728b) WARNING: RGBA Compressed ASTC6X6 sRGB format is not supported, decompressing texture
 -> (artifact id: 'fec0848c39015d368734ac880d921355') in 0.095682 seconds 
========================================================================
Received Import Request.
  Time since last request: 0.000170 seconds.
  path: Assets/Materials/Whiteboard_Normal.mat
  artifactKey: Guid(507f702e68c6e426e9eafdb40af3f29c) Importer(815301076,1909f56bfc062723c751e8b465ee728b)
Start importing Assets/Materials/Whiteboard_Normal.mat using Guid(507f702e68c6e426e9eafdb40af3f29c) Importer(815301076,1909f56bfc062723c751e8b465ee728b) WARNING: RGBA Compressed ASTC6X6 sRGB format is not supported, decompressing texture
 -> (artifact id: '795ea1fc5fe82e725194598a5ffdf435') in 0.124245 seconds 
========================================================================
Received Prepare
Registering precompiled user dll's ...
Registered in 0.011325 seconds.
Begin MonoManager ReloadAssembly
Symbol file LoadedFromMemory doesn't match image /Users/houchins/School/Summer_2022/Unity Projects/education-metaverse/Room Layout/Library/PackageCache/com.unity.visualscripting@1.7.8/Editor/VisualScripting.Core/Dependencies/DotNetZip/Unity.VisualScripting.IonicZip.dll
Symbol file LoadedFromMemory doesn't match image /Users/houchins/School/Summer_2022/Unity Projects/education-metaverse/Room Layout/Library/PackageCache/com.unity.visualscripting@1.7.8/Editor/VisualScripting.Core/Dependencies/YamlDotNet/Unity.VisualScripting.YamlDotNet.dll
Native extension for Android target not found
Native extension for OSXStandalone target not found
Native extension for WebGL target not found
Refreshing native plugins compatible for Editor in 1.91 ms, found 4 plugins.
Preloading 1 native plugins for Editor in 1.42 ms.
Mono: successfully reloaded assembly
- Completed reload, in  5.488 seconds
Domain Reload Profiling:
	ReloadAssembly (5514ms)
		BeginReloadAssembly (1707ms)
			ExecutionOrderSort (2ms)
			DisableScriptedObjects (62ms)
			BackupInstance (0ms)
			ReleaseScriptingObjects (0ms)
			CreateAndSetChildDomain (957ms)
		EndReloadAssembly (3459ms)
			LoadAssemblies (441ms)
			RebuildTransferFunctionScriptingTraits (0ms)
			SetupTypeCache (1005ms)
			ReleaseScriptCaches (4ms)
			RebuildScriptCaches (134ms)
			SetupLoadedEditorAssemblies (912ms)
				LogAssemblyErrors (0ms)
				InitializePlatformSupportModulesInManaged (48ms)
				SetLoadedEditorAssemblies (2ms)
				RefreshPlugins (3ms)
				BeforeProcessingInitializeOnLoad (142ms)
				ProcessInitializeOnLoadAttributes (623ms)
				ProcessInitializeOnLoadMethodAttributes (89ms)
				AfterProcessingInitializeOnLoad (5ms)
				EditorAssembliesLoaded (2ms)
			ExecutionOrderSort2 (0ms)
			AwakeInstancesAfterBackupRestoration (11ms)
Platform modules already initialized, skipping
Shader 'Oculus/OVRMRCameraFrameLit': fallback shader 'Alpha-Diffuse' not found
Refreshing native plugins compatible for Editor in 17.43 ms, found 4 plugins.
Preloading 1 native plugins for Editor in 0.44 ms.
Unloading 4957 Unused Serialized files (Serialized files now loaded: 0)
Unloading 61 unused Assets / (1.3 MB). Loaded Objects now: 5526.
Memory consumption went from 348.7 MB to 347.4 MB.
Total: 91.702465 ms (FindLiveObjects: 2.244301 ms CreateObjectMapping: 0.471704 ms MarkObjects: 88.412142 ms  DeleteObjects: 0.572690 ms)

AssetImportParameters requested are different than current active one (requested -> active):
  custom:video-decoder-ogg-theora: a1e56fd34408186e4bbccfd4996cb3dc -> 
  custom:container-muxer-webm: aa71ff27fc2769a1b78a27578f13a17b -> 
  custom:container-demuxer-webm: 4f35f7cbe854078d1ac9338744f61a02 -> 
  custom:video-encoder-webm-vp8: eb34c28f22e8b96e1ab97ce403110664 -> 
  custom:framework-osx-AVFoundation: b23960f63f64bdc6ff669e2cdcee2391 -> 
  custom:audio-encoder-webm-vorbis: bf7c407c2cedff20999df2af8eb42d56 -> 
  custom:container-demuxer-ogg: 62fdf1f143b41e24485cea50d1cbac27 -> 
  custom:video-decoder-webm-vp8: 9c59270c3fd7afecdb556c50c9e8de78 -> 
  custom:audio-decoder-ogg-vorbis: bf7c407c2cedff20999df2af8eb42d56 -> 
========================================================================
Received Import Request.
  Time since last request: 179.396834 seconds.
  path: Assets/Imported Assets/AssetStoreOriginals/_SNAPS_PrototypingAssets/ModernOffice_Interior/Prefabs/Structure/Walls
  artifactKey: Guid(0fcbcd8f4eba7af499ac988117c0d64b) Importer(815301076,1909f56bfc062723c751e8b465ee728b)
Start importing Assets/Imported Assets/AssetStoreOriginals/_SNAPS_PrototypingAssets/ModernOffice_Interior/Prefabs/Structure/Walls using Guid(0fcbcd8f4eba7af499ac988117c0d64b) Importer(815301076,1909f56bfc062723c751e8b465ee728b)  -> (artifact id: 'dd08cd58c575df3ab7e344e33604c6e4') in 0.163598 seconds 
========================================================================
Received Import Request.
  Time since last request: 0.000850 seconds.
  path: Assets/Imported Assets/AssetStoreOriginals/_SNAPS_PrototypingAssets/ModernOffice_Interior/Prefabs/Structure/Walls/Neo_WallWindowFrame_03_snaps001.prefab
  artifactKey: Guid(ba119e6cbefaaa641aeef16f2b469789) Importer(815301076,1909f56bfc062723c751e8b465ee728b)
Start importing Assets/Imported Assets/AssetStoreOriginals/_SNAPS_PrototypingAssets/ModernOffice_Interior/Prefabs/Structure/Walls/Neo_WallWindowFrame_03_snaps001.prefab using Guid(ba119e6cbefaaa641aeef16f2b469789) Importer(815301076,1909f56bfc062723c751e8b465ee728b)  -> (artifact id: '95742f519752955383a19b52696e9c20') in 0.404367 seconds 
========================================================================
Received Import Request.
  Time since last request: 0.000075 seconds.
  path: Assets/Imported Assets/AssetStoreOriginals/_SNAPS_PrototypingAssets/ModernOffice_Interior/Prefabs/Structure/Walls/Classic_WallWindow_02_snaps001.prefab
  artifactKey: Guid(37a8ccf3c573ef34d8b175f6fe0e578b) Importer(815301076,1909f56bfc062723c751e8b465ee728b)
Start importing Assets/Imported Assets/AssetStoreOriginals/_SNAPS_PrototypingAssets/ModernOffice_Interior/Prefabs/Structure/Walls/Classic_WallWindow_02_snaps001.prefab using Guid(37a8ccf3c573ef34d8b175f6fe0e578b) Importer(815301076,1909f56bfc062723c751e8b465ee728b)  -> (artifact id: 'f30cc4b7adf71af3f35c95df54d27110') in 0.070784 seconds 
========================================================================
Received Import Request.
  Time since last request: 0.000101 seconds.
  path: Assets/Imported Assets/AssetStoreOriginals/_SNAPS_PrototypingAssets/ModernOffice_Interior/Prefabs/Structure/Walls/Neo_Wall_Corner_snaps001.prefab
  artifactKey: Guid(7314c015f88e565459fd79bfb3d7cb82) Importer(815301076,1909f56bfc062723c751e8b465ee728b)
Start importing Assets/Imported Assets/AssetStoreOriginals/_SNAPS_PrototypingAssets/ModernOffice_Interior/Prefabs/Structure/Walls/Neo_Wall_Corner_snaps001.prefab using Guid(7314c015f88e565459fd79bfb3d7cb82) Importer(815301076,1909f56bfc062723c751e8b465ee728b)  -> (artifact id: '1728f568e362b44477a949cf1c682d90') in 0.127300 seconds 
========================================================================
Received Import Request.
  Time since last request: 0.001232 seconds.
  path: Assets/Imported Assets/AssetStoreOriginals/_SNAPS_PrototypingAssets/ModernOffice_Interior/Prefabs/Structure/Walls/Classic_WallWindow_01_snaps001.prefab
  artifactKey: Guid(b171e372a9c9ca84b9633f9e64b653c8) Importer(815301076,1909f56bfc062723c751e8b465ee728b)
Start importing Assets/Imported Assets/AssetStoreOriginals/_SNAPS_PrototypingAssets/ModernOffice_Interior/Prefabs/Structure/Walls/Classic_WallWindow_01_snaps001.prefab using Guid(b171e372a9c9ca84b9633f9e64b653c8) Importer(815301076,1909f56bfc062723c751e8b465ee728b)  -> (artifact id: '376bc260e377fee88de72a29461b2870') in 0.026035 seconds 
========================================================================
Received Import Request.
  Time since last request: 0.000223 seconds.
  path: Assets/Imported Assets/AssetStoreOriginals/_SNAPS_PrototypingAssets/ModernOffice_Interior/Prefabs/Structure/Walls/Neo_Wall_snaps001.prefab
  artifactKey: Guid(c73151b2c863d094393f47d50c325553) Importer(815301076,1909f56bfc062723c751e8b465ee728b)
Start importing Assets/Imported Assets/AssetStoreOriginals/_SNAPS_PrototypingAssets/ModernOffice_Interior/Prefabs/Structure/Walls/Neo_Wall_snaps001.prefab using Guid(c73151b2c863d094393f47d50c325553) Importer(815301076,1909f56bfc062723c751e8b465ee728b)  -> (artifact id: '2dd717c6cbadc2769824b3fc4210efd3') in 0.036374 seconds 
========================================================================
Received Import Request.
  Time since last request: 0.000117 seconds.
  path: Assets/Imported Assets/AssetStoreOriginals/_SNAPS_PrototypingAssets/ModernOffice_Interior/Prefabs/Structure/Walls/Neo_WallDoor_01_snaps001.prefab
  artifactKey: Guid(931d1b5cc52936e46b14c0707781d2af) Importer(815301076,1909f56bfc062723c751e8b465ee728b)
Start importing Assets/Imported Assets/AssetStoreOriginals/_SNAPS_PrototypingAssets/ModernOffice_Interior/Prefabs/Structure/Walls/Neo_WallDoor_01_snaps001.prefab using Guid(931d1b5cc52936e46b14c0707781d2af) Importer(815301076,1909f56bfc062723c751e8b465ee728b)  -> (artifact id: 'e818bb658aa8aff26c08cd142912d5d3') in 0.049252 seconds 
========================================================================
Received Import Request.
  Time since last request: 0.000160 seconds.
  path: Assets/Imported Assets/AssetStoreOriginals/_SNAPS_PrototypingAssets/ModernOffice_Interior/Prefabs/Structure/Walls/Classic_WallWindowFrame_01_snaps001.prefab
  artifactKey: Guid(968483ee22b5faa4fbc63a7da9069c8d) Importer(815301076,1909f56bfc062723c751e8b465ee728b)
Start importing Assets/Imported Assets/AssetStoreOriginals/_SNAPS_PrototypingAssets/ModernOffice_Interior/Prefabs/Structure/Walls/Classic_WallWindowFrame_01_snaps001.prefab using Guid(968483ee22b5faa4fbc63a7da9069c8d) Importer(815301076,1909f56bfc062723c751e8b465ee728b)  -> (artifact id: '9431ea2eb62f41aa58b3173eba420dfe') in 0.031942 seconds 
========================================================================
Received Import Request.
  Time since last request: 0.000099 seconds.
  path: Assets/Imported Assets/AssetStoreOriginals/_SNAPS_PrototypingAssets/ModernOffice_Interior/Prefabs/Structure/Walls/Neo_WallDoubleDoorFrame_snaps001.prefab
  artifactKey: Guid(da357e76d65d042449b88c33e35ff8fd) Importer(815301076,1909f56bfc062723c751e8b465ee728b)
Start importing Assets/Imported Assets/AssetStoreOriginals/_SNAPS_PrototypingAssets/ModernOffice_Interior/Prefabs/Structure/Walls/Neo_WallDoubleDoorFrame_snaps001.prefab using Guid(da357e76d65d042449b88c33e35ff8fd) Importer(815301076,1909f56bfc062723c751e8b465ee728b)  -> (artifact id: '593418598f5194c1bf05e0df67322af2') in 0.032329 seconds 
========================================================================
Received Import Request.
  Time since last request: 0.000085 seconds.
  path: Assets/Imported Assets/AssetStoreOriginals/_SNAPS_PrototypingAssets/ModernOffice_Interior/Prefabs/Structure/Walls/Classic_WallDoorFrame_01_snaps001.prefab
  artifactKey: Guid(6f8e2bbc0740f60409afee2840eebd2f) Importer(815301076,1909f56bfc062723c751e8b465ee728b)
Start importing Assets/Imported Assets/AssetStoreOriginals/_SNAPS_PrototypingAssets/ModernOffice_Interior/Prefabs/Structure/Walls/Classic_WallDoorFrame_01_snaps001.prefab using Guid(6f8e2bbc0740f60409afee2840eebd2f) Importer(815301076,1909f56bfc062723c751e8b465ee728b)  -> (artifact id: '631a5d8d95e32459d9f48f79adca5bd2') in 0.033828 seconds 
========================================================================
Received Import Request.
  Time since last request: 0.000103 seconds.
  path: Assets/Imported Assets/AssetStoreOriginals/_SNAPS_PrototypingAssets/ModernOffice_Interior/Prefabs/Structure/Walls/Classic_WallDoorFrame_02_snaps001.prefab
  artifactKey: Guid(7843b542e9ef1324fa4cadf54f39397f) Importer(815301076,1909f56bfc062723c751e8b465ee728b)
Start importing Assets/Imported Assets/AssetStoreOriginals/_SNAPS_PrototypingAssets/ModernOffice_Interior/Prefabs/Structure/Walls/Classic_WallDoorFrame_02_snaps001.prefab using Guid(7843b542e9ef1324fa4cadf54f39397f) Importer(815301076,1909f56bfc062723c751e8b465ee728b)  -> (artifact id: '83adc2bc36ab93529d783f229e05ecda') in 0.031699 seconds 
========================================================================
Received Import Request.
  Time since last request: 0.000111 seconds.
  path: Assets/Imported Assets/AssetStoreOriginals/_SNAPS_PrototypingAssets/ModernOffice_Interior/Prefabs/Structure/Walls/Classic_Wall_snaps001.prefab
  artifactKey: Guid(aef7c887e1f419b45b3e480ff017b110) Importer(815301076,1909f56bfc062723c751e8b465ee728b)
Start importing Assets/Imported Assets/AssetStoreOriginals/_SNAPS_PrototypingAssets/ModernOffice_Interior/Prefabs/Structure/Walls/Classic_Wall_snaps001.prefab using Guid(aef7c887e1f419b45b3e480ff017b110) Importer(815301076,1909f56bfc062723c751e8b465ee728b)  -> (artifact id: 'e8719d4538597b3495cbcbd739e4e427') in 0.031960 seconds 
========================================================================
Received Import Request.
  Time since last request: 0.000087 seconds.
  path: Assets/Imported Assets/AssetStoreOriginals/_SNAPS_PrototypingAssets/ModernOffice_Interior/Prefabs/Structure/Walls/Neo_WallWindowFrame_01_snaps001.prefab
  artifactKey: Guid(a6cfa23a67009a041bb5b424e08f6a6c) Importer(815301076,1909f56bfc062723c751e8b465ee728b)
Start importing Assets/Imported Assets/AssetStoreOriginals/_SNAPS_PrototypingAssets/ModernOffice_Interior/Prefabs/Structure/Walls/Neo_WallWindowFrame_01_snaps001.prefab using Guid(a6cfa23a67009a041bb5b424e08f6a6c) Importer(815301076,1909f56bfc062723c751e8b465ee728b)  -> (artifact id: '0cdfaf3133fb93ffd1e35639f77f4c2e') in 0.038210 seconds 
========================================================================
Received Import Request.
  Time since last request: 0.000094 seconds.
  path: Assets/Imported Assets/AssetStoreOriginals/_SNAPS_PrototypingAssets/ModernOffice_Interior/Prefabs/Structure/Walls/Neo_WallWindowFrame_02_snaps001.prefab
  artifactKey: Guid(a55ec49cd75394148809f19cae676988) Importer(815301076,1909f56bfc062723c751e8b465ee728b)
Start importing Assets/Imported Assets/AssetStoreOriginals/_SNAPS_PrototypingAssets/ModernOffice_Interior/Prefabs/Structure/Walls/Neo_WallWindowFrame_02_snaps001.prefab using Guid(a55ec49cd75394148809f19cae676988) Importer(815301076,1909f56bfc062723c751e8b465ee728b)  -> (artifact id: '935011b21d8acac3f3c4bfe16d5dcae6') in 0.034281 seconds 
========================================================================
Received Import Request.
  Time since last request: 0.000825 seconds.
  path: Assets/Imported Assets/AssetStoreOriginals/_SNAPS_PrototypingAssets/ModernOffice_Interior/Prefabs/Structure/Walls/Partition_Wall_Corner_snaps001.prefab
  artifactKey: Guid(efe8d45bdcec50f4b986a04711a3ce26) Importer(815301076,1909f56bfc062723c751e8b465ee728b)
Start importing Assets/Imported Assets/AssetStoreOriginals/_SNAPS_PrototypingAssets/ModernOffice_Interior/Prefabs/Structure/Walls/Partition_Wall_Corner_snaps001.prefab using Guid(efe8d45bdcec50f4b986a04711a3ce26) Importer(815301076,1909f56bfc062723c751e8b465ee728b)  -> (artifact id: '2264bf83f133239498c74d2e4c48e88f') in 0.046607 seconds 
========================================================================
Received Import Request.
  Time since last request: 0.000164 seconds.
  path: Assets/Imported Assets/AssetStoreOriginals/_SNAPS_PrototypingAssets/ModernOffice_Interior/Prefabs/Structure/Walls/Partition_Wall_snaps001.prefab
  artifactKey: Guid(c82ff6aa1a9d4d442bb9d9e2c82a85ed) Importer(815301076,1909f56bfc062723c751e8b465ee728b)
Start importing Assets/Imported Assets/AssetStoreOriginals/_SNAPS_PrototypingAssets/ModernOffice_Interior/Prefabs/Structure/Walls/Partition_Wall_snaps001.prefab using Guid(c82ff6aa1a9d4d442bb9d9e2c82a85ed) Importer(815301076,1909f56bfc062723c751e8b465ee728b)  -> (artifact id: '8acf064175b0bc3873533ab1f37906fb') in 0.044397 seconds 
========================================================================
Received Import Request.
  Time since last request: 0.000097 seconds.
  path: Assets/Imported Assets/AssetStoreOriginals/_SNAPS_PrototypingAssets/ModernOffice_Interior/Prefabs/Structure/Walls/Neo_Wall_Joint_snaps001.prefab
  artifactKey: Guid(245acdad429fd1444a3ccf79254593b3) Importer(815301076,1909f56bfc062723c751e8b465ee728b)
Start importing Assets/Imported Assets/AssetStoreOriginals/_SNAPS_PrototypingAssets/ModernOffice_Interior/Prefabs/Structure/Walls/Neo_Wall_Joint_snaps001.prefab using Guid(245acdad429fd1444a3ccf79254593b3) Importer(815301076,1909f56bfc062723c751e8b465ee728b)  -> (artifact id: '149dd7117df7b19ba049656818e6e478') in 0.040182 seconds 
========================================================================
Received Import Request.
  Time since last request: 0.000101 seconds.
  path: Assets/Imported Assets/AssetStoreOriginals/_SNAPS_PrototypingAssets/ModernOffice_Interior/Prefabs/Structure/Walls/Classic_Wall_Joint_snaps001.prefab
  artifactKey: Guid(cf521d014e4d5e64da2989f0bb3c82f3) Importer(815301076,1909f56bfc062723c751e8b465ee728b)
Start importing Assets/Imported Assets/AssetStoreOriginals/_SNAPS_PrototypingAssets/ModernOffice_Interior/Prefabs/Structure/Walls/Classic_Wall_Joint_snaps001.prefab using Guid(cf521d014e4d5e64da2989f0bb3c82f3) Importer(815301076,1909f56bfc062723c751e8b465ee728b)  -> (artifact id: '2a55d9e6b4166dd1356bce57d5ba7900') in 0.030886 seconds 
========================================================================
Received Import Request.
  Time since last request: 0.000101 seconds.
  path: Assets/Imported Assets/AssetStoreOriginals/_SNAPS_PrototypingAssets/ModernOffice_Interior/Prefabs/Structure/Walls/Classic_WallWindowFrame_02_snaps001.prefab
  artifactKey: Guid(19cb042b07d2f2e4585682c3d6afb7bf) Importer(815301076,1909f56bfc062723c751e8b465ee728b)
Start importing Assets/Imported Assets/AssetStoreOriginals/_SNAPS_PrototypingAssets/ModernOffice_Interior/Prefabs/Structure/Walls/Classic_WallWindowFrame_02_snaps001.prefab using Guid(19cb042b07d2f2e4585682c3d6afb7bf) Importer(815301076,1909f56bfc062723c751e8b465ee728b)  -> (artifact id: '7c23c3e6c70bf14acc09c72c5bccf477') in 0.039681 seconds 
========================================================================
Received Import Request.
  Time since last request: 0.000098 seconds.
  path: Assets/Imported Assets/AssetStoreOriginals/_SNAPS_PrototypingAssets/ModernOffice_Interior/Prefabs/Structure/Walls/Neo_WallWindow_02_snaps001.prefab
  artifactKey: Guid(0d6466bed683c6a419f3982208f39489) Importer(815301076,1909f56bfc062723c751e8b465ee728b)
Start importing Assets/Imported Assets/AssetStoreOriginals/_SNAPS_PrototypingAssets/ModernOffice_Interior/Prefabs/Structure/Walls/Neo_WallWindow_02_snaps001.prefab using Guid(0d6466bed683c6a419f3982208f39489) Importer(815301076,1909f56bfc062723c751e8b465ee728b)  -> (artifact id: 'de5bd320b7d85e6457f0a564b7d3f958') in 0.032793 seconds 
========================================================================
Received Import Request.
  Time since last request: 0.000113 seconds.
  path: Assets/Imported Assets/AssetStoreOriginals/_SNAPS_PrototypingAssets/ModernOffice_Interior/Prefabs/Structure/Walls/Classic_WallDoubleDoorFrame_01_snaps001.prefab
  artifactKey: Guid(db44937cbec05d74b81e4013f67615ac) Importer(815301076,1909f56bfc062723c751e8b465ee728b)
Start importing Assets/Imported Assets/AssetStoreOriginals/_SNAPS_PrototypingAssets/ModernOffice_Interior/Prefabs/Structure/Walls/Classic_WallDoubleDoorFrame_01_snaps001.prefab using Guid(db44937cbec05d74b81e4013f67615ac) Importer(815301076,1909f56bfc062723c751e8b465ee728b)  -> (artifact id: 'cdee7c8362094512513be51978dbaa6d') in 0.033736 seconds 
========================================================================
Received Import Request.
  Time since last request: 0.000239 seconds.
  path: Assets/Imported Assets/AssetStoreOriginals/_SNAPS_PrototypingAssets/ModernOffice_Interior/Prefabs/Structure/Walls/Classic_Wall_Corner_snaps001.prefab
  artifactKey: Guid(2dd6a41bf3754ca45a0c700ba7da1771) Importer(815301076,1909f56bfc062723c751e8b465ee728b)
Start importing Assets/Imported Assets/AssetStoreOriginals/_SNAPS_PrototypingAssets/ModernOffice_Interior/Prefabs/Structure/Walls/Classic_Wall_Corner_snaps001.prefab using Guid(2dd6a41bf3754ca45a0c700ba7da1771) Importer(815301076,1909f56bfc062723c751e8b465ee728b)  -> (artifact id: '95ec7e134e903975ff25908fe64ec57d') in 0.040929 seconds 
========================================================================
Received Import Request.
  Time since last request: 0.000348 seconds.
  path: Assets/Imported Assets/AssetStoreOriginals/_SNAPS_PrototypingAssets/ModernOffice_Interior/Prefabs/Structure/Walls/Neo_WallWindow_03_snaps001.prefab
  artifactKey: Guid(ad9ac39afd89d5b4eb630c125e167a9b) Importer(815301076,1909f56bfc062723c751e8b465ee728b)
Start importing Assets/Imported Assets/AssetStoreOriginals/_SNAPS_PrototypingAssets/ModernOffice_Interior/Prefabs/Structure/Walls/Neo_WallWindow_03_snaps001.prefab using Guid(ad9ac39afd89d5b4eb630c125e167a9b) Importer(815301076,1909f56bfc062723c751e8b465ee728b)  -> (artifact id: '74e7b825ed6fd0b7d11c1fb0e4641e23') in 0.052316 seconds 
========================================================================
Received Import Request.
  Time since last request: 0.000381 seconds.
  path: Assets/Imported Assets/AssetStoreOriginals/_SNAPS_PrototypingAssets/ModernOffice_Interior/Prefabs/Structure/Walls/Neo_WallDoorFrame_01_snaps001.prefab
  artifactKey: Guid(e8f5a146fe0fe524f9bd393d3573106c) Importer(815301076,1909f56bfc062723c751e8b465ee728b)
Start importing Assets/Imported Assets/AssetStoreOriginals/_SNAPS_PrototypingAssets/ModernOffice_Interior/Prefabs/Structure/Walls/Neo_WallDoorFrame_01_snaps001.prefab using Guid(e8f5a146fe0fe524f9bd393d3573106c) Importer(815301076,1909f56bfc062723c751e8b465ee728b)  -> (artifact id: '311e7cc2c3ce43faa22d4e797a343a15') in 0.056774 seconds 
========================================================================
Received Import Request.
  Time since last request: 0.000127 seconds.
  path: Assets/Imported Assets/AssetStoreOriginals/_SNAPS_PrototypingAssets/ModernOffice_Interior/Prefabs/Structure/Walls/Classic_WallDoor_01_snaps001.prefab
  artifactKey: Guid(c19d995d1197f6644b00037295f526de) Importer(815301076,1909f56bfc062723c751e8b465ee728b)
Start importing Assets/Imported Assets/AssetStoreOriginals/_SNAPS_PrototypingAssets/ModernOffice_Interior/Prefabs/Structure/Walls/Classic_WallDoor_01_snaps001.prefab using Guid(c19d995d1197f6644b00037295f526de) Importer(815301076,1909f56bfc062723c751e8b465ee728b)  -> (artifact id: '5b5b1a432dda96483befa02dc6b2945a') in 0.038504 seconds 
========================================================================
Received Import Request.
  Time since last request: 0.000082 seconds.
  path: Assets/Imported Assets/AssetStoreOriginals/_SNAPS_PrototypingAssets/ModernOffice_Interior/Prefabs/Structure/Walls/Neo_WallDoubleDoors_01_snaps001.prefab
  artifactKey: Guid(d6864f78596014a4a9d36262c869812b) Importer(815301076,1909f56bfc062723c751e8b465ee728b)
Start importing Assets/Imported Assets/AssetStoreOriginals/_SNAPS_PrototypingAssets/ModernOffice_Interior/Prefabs/Structure/Walls/Neo_WallDoubleDoors_01_snaps001.prefab using Guid(d6864f78596014a4a9d36262c869812b) Importer(815301076,1909f56bfc062723c751e8b465ee728b)  -> (artifact id: 'fbad28a61e229a6026a837a8d8832b88') in 0.027872 seconds 
========================================================================
Received Import Request.
  Time since last request: 0.000090 seconds.
  path: Assets/Imported Assets/AssetStoreOriginals/_SNAPS_PrototypingAssets/ModernOffice_Interior/Prefabs/Structure/Walls/Classic_WallDoubleDoors_01_snaps001.prefab
  artifactKey: Guid(3cd7bc5de3ff05f49ab503add0f0f2d0) Importer(815301076,1909f56bfc062723c751e8b465ee728b)
Start importing Assets/Imported Assets/AssetStoreOriginals/_SNAPS_PrototypingAssets/ModernOffice_Interior/Prefabs/Structure/Walls/Classic_WallDoubleDoors_01_snaps001.prefab using Guid(3cd7bc5de3ff05f49ab503add0f0f2d0) Importer(815301076,1909f56bfc062723c751e8b465ee728b)  -> (artifact id: '60d53a176232fe4be38968475a666108') in 0.034237 seconds 
========================================================================
Received Import Request.
  Time since last request: 0.000688 seconds.
  path: Assets/Imported Assets/AssetStoreOriginals/_SNAPS_PrototypingAssets/ModernOffice_Interior/Prefabs/Structure/Walls/Neo_WallWindow_01_snaps001.prefab
  artifactKey: Guid(bfa35daa926468a47bde7a1a04045305) Importer(815301076,1909f56bfc062723c751e8b465ee728b)
Start importing Assets/Imported Assets/AssetStoreOriginals/_SNAPS_PrototypingAssets/ModernOffice_Interior/Prefabs/Structure/Walls/Neo_WallWindow_01_snaps001.prefab using Guid(bfa35daa926468a47bde7a1a04045305) Importer(815301076,1909f56bfc062723c751e8b465ee728b)  -> (artifact id: 'be33d48ebfa88e08c18340a33b2aeb5a') in 0.034247 seconds 
========================================================================
Received Import Request.
  Time since last request: 0.000207 seconds.
  path: Assets/Imported Assets/AssetStoreOriginals/_SNAPS_PrototypingAssets/ModernOffice_Interior/Prefabs/Structure/Walls/Classic_WallWindow_03_snaps001.prefab
  artifactKey: Guid(f816c7b96377bf74dab570a6ffd7ccda) Importer(815301076,1909f56bfc062723c751e8b465ee728b)
Start importing Assets/Imported Assets/AssetStoreOriginals/_SNAPS_PrototypingAssets/ModernOffice_Interior/Prefabs/Structure/Walls/Classic_WallWindow_03_snaps001.prefab using Guid(f816c7b96377bf74dab570a6ffd7ccda) Importer(815301076,1909f56bfc062723c751e8b465ee728b)  -> (artifact id: 'ec297f3d470beaee1630b5d1cda3cac7') in 0.040728 seconds 
========================================================================
Received Import Request.
  Time since last request: 0.509962 seconds.
  path: Assets/Imported Assets/AssetStoreOriginals/_SNAPS_PrototypingAssets/ModernOffice_Interior/Prefabs/Structure/Walls/Meshes
  artifactKey: Guid(ca8598fc6443b6e4585ad03841800ea7) Importer(815301076,1909f56bfc062723c751e8b465ee728b)
Start importing Assets/Imported Assets/AssetStoreOriginals/_SNAPS_PrototypingAssets/ModernOffice_Interior/Prefabs/Structure/Walls/Meshes using Guid(ca8598fc6443b6e4585ad03841800ea7) Importer(815301076,1909f56bfc062723c751e8b465ee728b)  -> (artifact id: '0ab640772adabf772283320377bb3a41') in 0.003078 seconds 
========================================================================
Received Import Request.
  Time since last request: 0.092075 seconds.
  path: Assets/Imported Assets/AssetStoreOriginals/_SNAPS_PrototypingAssets/ModernOffice_Interior/Prefabs/Structure/Walls/Meshes/Classic_Wall_Corner_Collider.asset
  artifactKey: Guid(be8ec965565887f47b2aab11dbc5e32e) Importer(815301076,1909f56bfc062723c751e8b465ee728b)
Start importing Assets/Imported Assets/AssetStoreOriginals/_SNAPS_PrototypingAssets/ModernOffice_Interior/Prefabs/Structure/Walls/Meshes/Classic_Wall_Corner_Collider.asset using Guid(be8ec965565887f47b2aab11dbc5e32e) Importer(815301076,1909f56bfc062723c751e8b465ee728b)  -> (artifact id: 'bbd3d961ce0b5ba37cbee50715675730') in 0.059577 seconds 
========================================================================
Received Import Request.
  Time since last request: 0.000262 seconds.
  path: Assets/Imported Assets/AssetStoreOriginals/_SNAPS_PrototypingAssets/ModernOffice_Interior/Prefabs/Structure/Walls/Meshes/Classic_Wall_snaps001.asset
  artifactKey: Guid(39e403d23447c6040817ac66ba9d8761) Importer(815301076,1909f56bfc062723c751e8b465ee728b)
Start importing Assets/Imported Assets/AssetStoreOriginals/_SNAPS_PrototypingAssets/ModernOffice_Interior/Prefabs/Structure/Walls/Meshes/Classic_Wall_snaps001.asset using Guid(39e403d23447c6040817ac66ba9d8761) Importer(815301076,1909f56bfc062723c751e8b465ee728b)  -> (artifact id: '91429d65e1e7b5285131b8ce4ef8b21d') in 0.028299 seconds 
========================================================================
Received Import Request.
  Time since last request: 0.000164 seconds.
  path: Assets/Imported Assets/AssetStoreOriginals/_SNAPS_PrototypingAssets/ModernOffice_Interior/Prefabs/Structure/Walls/Meshes/Classic_Wall_Joint_Collider.asset
  artifactKey: Guid(8de2b7318da95d9439eebf952c42445a) Importer(815301076,1909f56bfc062723c751e8b465ee728b)
Start importing Assets/Imported Assets/AssetStoreOriginals/_SNAPS_PrototypingAssets/ModernOffice_Interior/Prefabs/Structure/Walls/Meshes/Classic_Wall_Joint_Collider.asset using Guid(8de2b7318da95d9439eebf952c42445a) Importer(815301076,1909f56bfc062723c751e8b465ee728b)  -> (artifact id: '46bf358c1c05f42eeeebdc27ea2121ca') in 0.027237 seconds 
========================================================================
Received Import Request.
  Time since last request: 0.000309 seconds.
  path: Assets/Imported Assets/AssetStoreOriginals/_SNAPS_PrototypingAssets/ModernOffice_Interior/Prefabs/Structure/Walls/Meshes/Classic_WallWindow_01_snaps001.asset
  artifactKey: Guid(db5c515faad4cfa479643a2e41dd0730) Importer(815301076,1909f56bfc062723c751e8b465ee728b)
Start importing Assets/Imported Assets/AssetStoreOriginals/_SNAPS_PrototypingAssets/ModernOffice_Interior/Prefabs/Structure/Walls/Meshes/Classic_WallWindow_01_snaps001.asset using Guid(db5c515faad4cfa479643a2e41dd0730) Importer(815301076,1909f56bfc062723c751e8b465ee728b)  -> (artifact id: '6a04b7b5e9b40db555a87dcabda898e0') in 0.028426 seconds 
========================================================================
Received Import Request.
  Time since last request: 0.000149 seconds.
  path: Assets/Imported Assets/AssetStoreOriginals/_SNAPS_PrototypingAssets/ModernOffice_Interior/Prefabs/Structure/Walls/Meshes/Classic_Wall_Corner_snaps001.asset
  artifactKey: Guid(c9995f8e7c1b99a4ca6e8a170e2a28fa) Importer(815301076,1909f56bfc062723c751e8b465ee728b)
Start importing Assets/Imported Assets/AssetStoreOriginals/_SNAPS_PrototypingAssets/ModernOffice_Interior/Prefabs/Structure/Walls/Meshes/Classic_Wall_Corner_snaps001.asset using Guid(c9995f8e7c1b99a4ca6e8a170e2a28fa) Importer(815301076,1909f56bfc062723c751e8b465ee728b)  -> (artifact id: '1e5bdb7743d7d0079fc32434a8a9d9b3') in 0.022983 seconds 
========================================================================
Received Import Request.
  Time since last request: 0.000180 seconds.
  path: Assets/Imported Assets/AssetStoreOriginals/_SNAPS_PrototypingAssets/ModernOffice_Interior/Prefabs/Structure/Walls/Meshes/Classic_WallDoubleDoors_01_snaps001.asset
  artifactKey: Guid(c71cc61f903f0c44ebb7c458fb25f066) Importer(815301076,1909f56bfc062723c751e8b465ee728b)
Start importing Assets/Imported Assets/AssetStoreOriginals/_SNAPS_PrototypingAssets/ModernOffice_Interior/Prefabs/Structure/Walls/Meshes/Classic_WallDoubleDoors_01_snaps001.asset using Guid(c71cc61f903f0c44ebb7c458fb25f066) Importer(815301076,1909f56bfc062723c751e8b465ee728b)  -> (artifact id: 'e90ebc6955821e8b13f78626e7e7cf8e') in 0.024099 seconds 
========================================================================
Received Import Request.
  Time since last request: 0.000079 seconds.
  path: Assets/Imported Assets/AssetStoreOriginals/_SNAPS_PrototypingAssets/ModernOffice_Interior/Prefabs/Structure/Walls/Meshes/Classic_WallWindowFrame_01_Collider.asset
  artifactKey: Guid(ebebe220a90739747abaff376d84f175) Importer(815301076,1909f56bfc062723c751e8b465ee728b)
Start importing Assets/Imported Assets/AssetStoreOriginals/_SNAPS_PrototypingAssets/ModernOffice_Interior/Prefabs/Structure/Walls/Meshes/Classic_WallWindowFrame_01_Collider.asset using Guid(ebebe220a90739747abaff376d84f175) Importer(815301076,1909f56bfc062723c751e8b465ee728b)  -> (artifact id: 'd1c3ee8d826ceb86e3a66117cc52aaf1') in 0.019958 seconds 
========================================================================
Received Import Request.
  Time since last request: 0.000124 seconds.
  path: Assets/Imported Assets/AssetStoreOriginals/_SNAPS_PrototypingAssets/ModernOffice_Interior/Prefabs/Structure/Walls/Meshes/Partition_Wall_snaps001.asset
  artifactKey: Guid(995b202890a69904fa18e58420b538ce) Importer(815301076,1909f56bfc062723c751e8b465ee728b)
Start importing Assets/Imported Assets/AssetStoreOriginals/_SNAPS_PrototypingAssets/ModernOffice_Interior/Prefabs/Structure/Walls/Meshes/Partition_Wall_snaps001.asset using Guid(995b202890a69904fa18e58420b538ce) Importer(815301076,1909f56bfc062723c751e8b465ee728b)  -> (artifact id: 'fbb5513c04d099a7a7862d2e93ce9451') in 0.026061 seconds 
========================================================================
Received Import Request.
  Time since last request: 0.000226 seconds.
  path: Assets/Imported Assets/AssetStoreOriginals/_SNAPS_PrototypingAssets/ModernOffice_Interior/Prefabs/Structure/Walls/Meshes/Neo_Wall_Joint_snaps001.asset
  artifactKey: Guid(e0d6b913abe553841bcdef2f7440b7c6) Importer(815301076,1909f56bfc062723c751e8b465ee728b)
Start importing Assets/Imported Assets/AssetStoreOriginals/_SNAPS_PrototypingAssets/ModernOffice_Interior/Prefabs/Structure/Walls/Meshes/Neo_Wall_Joint_snaps001.asset using Guid(e0d6b913abe553841bcdef2f7440b7c6) Importer(815301076,1909f56bfc062723c751e8b465ee728b)  -> (artifact id: '494a1a27aac7bd5678abaca78988f103') in 0.029267 seconds 
========================================================================
Received Import Request.
  Time since last request: 0.000101 seconds.
  path: Assets/Imported Assets/AssetStoreOriginals/_SNAPS_PrototypingAssets/ModernOffice_Interior/Prefabs/Structure/Walls/Meshes/Classic_WallDoorFrame_01_snaps001.asset
  artifactKey: Guid(565084c6683627f49b758e030151154f) Importer(815301076,1909f56bfc062723c751e8b465ee728b)
Start importing Assets/Imported Assets/AssetStoreOriginals/_SNAPS_PrototypingAssets/ModernOffice_Interior/Prefabs/Structure/Walls/Meshes/Classic_WallDoorFrame_01_snaps001.asset using Guid(565084c6683627f49b758e030151154f) Importer(815301076,1909f56bfc062723c751e8b465ee728b)  -> (artifact id: '36493200d88a2304c077a77d1870daf2') in 0.030140 seconds 
========================================================================
Received Import Request.
  Time since last request: 0.000131 seconds.
  path: Assets/Imported Assets/AssetStoreOriginals/_SNAPS_PrototypingAssets/ModernOffice_Interior/Prefabs/Structure/Walls/Meshes/Neo_WallWindow_01_snaps001.asset
  artifactKey: Guid(506896a1c47299f4fb82bb038ed16de8) Importer(815301076,1909f56bfc062723c751e8b465ee728b)
Start importing Assets/Imported Assets/AssetStoreOriginals/_SNAPS_PrototypingAssets/ModernOffice_Interior/Prefabs/Structure/Walls/Meshes/Neo_WallWindow_01_snaps001.asset using Guid(506896a1c47299f4fb82bb038ed16de8) Importer(815301076,1909f56bfc062723c751e8b465ee728b)  -> (artifact id: '1591042f40c1ee18e4e27347a81f9ed2') in 0.022620 seconds 
========================================================================
Received Import Request.
  Time since last request: 0.000134 seconds.
  path: Assets/Imported Assets/AssetStoreOriginals/_SNAPS_PrototypingAssets/ModernOffice_Interior/Prefabs/Structure/Walls/Meshes/Classic_WallDoorFrame_02_snaps001.asset
  artifactKey: Guid(8278e9bd375fa3747a43963642d881b4) Importer(815301076,1909f56bfc062723c751e8b465ee728b)
Start importing Assets/Imported Assets/AssetStoreOriginals/_SNAPS_PrototypingAssets/ModernOffice_Interior/Prefabs/Structure/Walls/Meshes/Classic_WallDoorFrame_02_snaps001.asset using Guid(8278e9bd375fa3747a43963642d881b4) Importer(815301076,1909f56bfc062723c751e8b465ee728b)  -> (artifact id: '969807b60098ed60018afc54a13b655b') in 0.024479 seconds 
========================================================================
Received Import Request.
  Time since last request: 0.000210 seconds.
  path: Assets/Imported Assets/AssetStoreOriginals/_SNAPS_PrototypingAssets/ModernOffice_Interior/Prefabs/Structure/Walls/Meshes/Classic_WallWindowFrame_01_snaps001.asset
  artifactKey: Guid(3415d2b78be1e23479ad8d8ab1cc58fd) Importer(815301076,1909f56bfc062723c751e8b465ee728b)
Start importing Assets/Imported Assets/AssetStoreOriginals/_SNAPS_PrototypingAssets/ModernOffice_Interior/Prefabs/Structure/Walls/Meshes/Classic_WallWindowFrame_01_snaps001.asset using Guid(3415d2b78be1e23479ad8d8ab1cc58fd) Importer(815301076,1909f56bfc062723c751e8b465ee728b)  -> (artifact id: 'b98d28b70c9f627a8945d9730c3c4792') in 0.034284 seconds 
========================================================================
Received Import Request.
  Time since last request: 0.000117 seconds.
  path: Assets/Imported Assets/AssetStoreOriginals/_SNAPS_PrototypingAssets/ModernOffice_Interior/Prefabs/Structure/Walls/Meshes/Neo_WallDoorFrame_01_snaps001.asset
  artifactKey: Guid(76ae14d7cb014b047a191a2db8613242) Importer(815301076,1909f56bfc062723c751e8b465ee728b)
Start importing Assets/Imported Assets/AssetStoreOriginals/_SNAPS_PrototypingAssets/ModernOffice_Interior/Prefabs/Structure/Walls/Meshes/Neo_WallDoorFrame_01_snaps001.asset using Guid(76ae14d7cb014b047a191a2db8613242) Importer(815301076,1909f56bfc062723c751e8b465ee728b)  -> (artifact id: '4d0fa71f5a6fb7df92fd73f90cc1654c') in 0.033630 seconds 
========================================================================
Received Import Request.
  Time since last request: 0.000120 seconds.
  path: Assets/Imported Assets/AssetStoreOriginals/_SNAPS_PrototypingAssets/ModernOffice_Interior/Prefabs/Structure/Walls/Meshes/Neo_WallWindow_02_snaps001.asset
  artifactKey: Guid(41ffa21986b70554cb6f198eb7a17850) Importer(815301076,1909f56bfc062723c751e8b465ee728b)
Start importing Assets/Imported Assets/AssetStoreOriginals/_SNAPS_PrototypingAssets/ModernOffice_Interior/Prefabs/Structure/Walls/Meshes/Neo_WallWindow_02_snaps001.asset using Guid(41ffa21986b70554cb6f198eb7a17850) Importer(815301076,1909f56bfc062723c751e8b465ee728b)  -> (artifact id: '63acc3846d61fc23cb3d2faa2bc0ac4b') in 0.021260 seconds 
========================================================================
Received Import Request.
  Time since last request: 0.000076 seconds.
  path: Assets/Imported Assets/AssetStoreOriginals/_SNAPS_PrototypingAssets/ModernOffice_Interior/Prefabs/Structure/Walls/Meshes/Neo_WallDoubleDoorFrame_Collider.asset
  artifactKey: Guid(a3c87da5cd596c341812836620edfa15) Importer(815301076,1909f56bfc062723c751e8b465ee728b)
Start importing Assets/Imported Assets/AssetStoreOriginals/_SNAPS_PrototypingAssets/ModernOffice_Interior/Prefabs/Structure/Walls/Meshes/Neo_WallDoubleDoorFrame_Collider.asset using Guid(a3c87da5cd596c341812836620edfa15) Importer(815301076,1909f56bfc062723c751e8b465ee728b)  -> (artifact id: '10811a7e82ea1ba2d09e855fbc5c5ab8') in 0.021192 seconds 
========================================================================
Received Import Request.
  Time since last request: 0.000136 seconds.
  path: Assets/Imported Assets/AssetStoreOriginals/_SNAPS_PrototypingAssets/ModernOffice_Interior/Prefabs/Structure/Walls/Meshes/Neo_WallWindowFrame_01_snaps001.asset
  artifactKey: Guid(8ec7aabdbe875dd46b764acd52c511cf) Importer(815301076,1909f56bfc062723c751e8b465ee728b)
Start importing Assets/Imported Assets/AssetStoreOriginals/_SNAPS_PrototypingAssets/ModernOffice_Interior/Prefabs/Structure/Walls/Meshes/Neo_WallWindowFrame_01_snaps001.asset using Guid(8ec7aabdbe875dd46b764acd52c511cf) Importer(815301076,1909f56bfc062723c751e8b465ee728b)  -> (artifact id: '03216895d924752e3de7d780c2916fa6') in 0.026524 seconds 
========================================================================
Received Import Request.
  Time since last request: 0.000229 seconds.
  path: Assets/Imported Assets/AssetStoreOriginals/_SNAPS_PrototypingAssets/ModernOffice_Interior/Prefabs/Structure/Walls/Meshes/Neo_WallWindowFrame_03_Collider.asset
  artifactKey: Guid(8b689ec29e7851e4cafefc33df3ff3f0) Importer(815301076,1909f56bfc062723c751e8b465ee728b)
Start importing Assets/Imported Assets/AssetStoreOriginals/_SNAPS_PrototypingAssets/ModernOffice_Interior/Prefabs/Structure/Walls/Meshes/Neo_WallWindowFrame_03_Collider.asset using Guid(8b689ec29e7851e4cafefc33df3ff3f0) Importer(815301076,1909f56bfc062723c751e8b465ee728b)  -> (artifact id: 'f407af0ad7039c10045e977c4432eb6a') in 0.015998 seconds 
========================================================================
Received Import Request.
  Time since last request: 0.000146 seconds.
  path: Assets/Imported Assets/AssetStoreOriginals/_SNAPS_PrototypingAssets/ModernOffice_Interior/Prefabs/Structure/Walls/Meshes/Neo_WallDoor_01_snaps001.asset
  artifactKey: Guid(f02194ae408d54241b8390f6ea76da82) Importer(815301076,1909f56bfc062723c751e8b465ee728b)
Start importing Assets/Imported Assets/AssetStoreOriginals/_SNAPS_PrototypingAssets/ModernOffice_Interior/Prefabs/Structure/Walls/Meshes/Neo_WallDoor_01_snaps001.asset using Guid(f02194ae408d54241b8390f6ea76da82) Importer(815301076,1909f56bfc062723c751e8b465ee728b)  -> (artifact id: '2583dd8c342e67de69bd9242ed9d625c') in 0.030919 seconds 
========================================================================
Received Import Request.
  Time since last request: 0.000145 seconds.
  path: Assets/Imported Assets/AssetStoreOriginals/_SNAPS_PrototypingAssets/ModernOffice_Interior/Prefabs/Structure/Walls/Meshes/Classic_WallWindowFrame_02_snaps001.asset
  artifactKey: Guid(27e791822ab30574796d8d6e878ce3b0) Importer(815301076,1909f56bfc062723c751e8b465ee728b)
Start importing Assets/Imported Assets/AssetStoreOriginals/_SNAPS_PrototypingAssets/ModernOffice_Interior/Prefabs/Structure/Walls/Meshes/Classic_WallWindowFrame_02_snaps001.asset using Guid(27e791822ab30574796d8d6e878ce3b0) Importer(815301076,1909f56bfc062723c751e8b465ee728b)  -> (artifact id: '86e0cb02d8f95d500253b34ad157f0e1') in 0.022000 seconds 
========================================================================
Received Import Request.
  Time since last request: 0.000136 seconds.
  path: Assets/Imported Assets/AssetStoreOriginals/_SNAPS_PrototypingAssets/ModernOffice_Interior/Prefabs/Structure/Walls/Meshes/Neo_WallWindowFrame_01_Collider.asset
  artifactKey: Guid(9565f3b1462332f4188ec14211ecff5a) Importer(815301076,1909f56bfc062723c751e8b465ee728b)
Start importing Assets/Imported Assets/AssetStoreOriginals/_SNAPS_PrototypingAssets/ModernOffice_Interior/Prefabs/Structure/Walls/Meshes/Neo_WallWindowFrame_01_Collider.asset using Guid(9565f3b1462332f4188ec14211ecff5a) Importer(815301076,1909f56bfc062723c751e8b465ee728b)  -> (artifact id: '59cd867e514238cbbfdd44a7733c2710') in 0.032024 seconds 
========================================================================
Received Import Request.
  Time since last request: 0.000118 seconds.
  path: Assets/Imported Assets/AssetStoreOriginals/_SNAPS_PrototypingAssets/ModernOffice_Interior/Prefabs/Structure/Walls/Meshes/Neo_WallWindowFrame_02_snaps001.asset
  artifactKey: Guid(95744e971642fad4d8791c94bf2b1e8a) Importer(815301076,1909f56bfc062723c751e8b465ee728b)
Start importing Assets/Imported Assets/AssetStoreOriginals/_SNAPS_PrototypingAssets/ModernOffice_Interior/Prefabs/Structure/Walls/Meshes/Neo_WallWindowFrame_02_snaps001.asset using Guid(95744e971642fad4d8791c94bf2b1e8a) Importer(815301076,1909f56bfc062723c751e8b465ee728b)  -> (artifact id: 'e6b53a3b23aa6172dce99bfa5b93733b') in 0.029798 seconds 
========================================================================
Received Import Request.
  Time since last request: 0.000626 seconds.
  path: Assets/Imported Assets/AssetStoreOriginals/_SNAPS_PrototypingAssets/ModernOffice_Interior/Prefabs/Structure/Walls/Meshes/Neo_Wall_Corner_Collider.asset
  artifactKey: Guid(9c36b38988a88274b94f2856628e19d5) Importer(815301076,1909f56bfc062723c751e8b465ee728b)
Start importing Assets/Imported Assets/AssetStoreOriginals/_SNAPS_PrototypingAssets/ModernOffice_Interior/Prefabs/Structure/Walls/Meshes/Neo_Wall_Corner_Collider.asset using Guid(9c36b38988a88274b94f2856628e19d5) Importer(815301076,1909f56bfc062723c751e8b465ee728b)  -> (artifact id: '51f9c4bbda95ec4e6cfc11ed031cea96') in 0.028865 seconds 
========================================================================
Received Import Request.
  Time since last request: 0.000117 seconds.
  path: Assets/Imported Assets/AssetStoreOriginals/_SNAPS_PrototypingAssets/ModernOffice_Interior/Prefabs/Structure/Walls/Meshes/Classic_Wall_Joint_snaps001.asset
  artifactKey: Guid(897451ec1a606994893e0efee9376d90) Importer(815301076,1909f56bfc062723c751e8b465ee728b)
Start importing Assets/Imported Assets/AssetStoreOriginals/_SNAPS_PrototypingAssets/ModernOffice_Interior/Prefabs/Structure/Walls/Meshes/Classic_Wall_Joint_snaps001.asset using Guid(897451ec1a606994893e0efee9376d90) Importer(815301076,1909f56bfc062723c751e8b465ee728b)  -> (artifact id: '595aa4eba8202d8fcadee3d7fc11d330') in 0.027770 seconds 
========================================================================
Received Import Request.
  Time since last request: 0.000142 seconds.
  path: Assets/Imported Assets/AssetStoreOriginals/_SNAPS_PrototypingAssets/ModernOffice_Interior/Prefabs/Structure/Walls/Meshes/Neo_WallDoubleDoors_01_snaps001.asset
  artifactKey: Guid(10499adba835f5b4d853b8b65d2dfc7f) Importer(815301076,1909f56bfc062723c751e8b465ee728b)
Start importing Assets/Imported Assets/AssetStoreOriginals/_SNAPS_PrototypingAssets/ModernOffice_Interior/Prefabs/Structure/Walls/Meshes/Neo_WallDoubleDoors_01_snaps001.asset using Guid(10499adba835f5b4d853b8b65d2dfc7f) Importer(815301076,1909f56bfc062723c751e8b465ee728b)  -> (artifact id: '0292e3175b4a8f1caab76813b051b1cf') in 0.029561 seconds 
========================================================================
Received Import Request.
  Time since last request: 0.000071 seconds.
  path: Assets/Imported Assets/AssetStoreOriginals/_SNAPS_PrototypingAssets/ModernOffice_Interior/Prefabs/Structure/Walls/Meshes/Neo_WallWindowFrame_03_snaps001.asset
  artifactKey: Guid(8a279a1c08747fd4185b9a3a0a0bdad6) Importer(815301076,1909f56bfc062723c751e8b465ee728b)
Start importing Assets/Imported Assets/AssetStoreOriginals/_SNAPS_PrototypingAssets/ModernOffice_Interior/Prefabs/Structure/Walls/Meshes/Neo_WallWindowFrame_03_snaps001.asset using Guid(8a279a1c08747fd4185b9a3a0a0bdad6) Importer(815301076,1909f56bfc062723c751e8b465ee728b)  -> (artifact id: '5ddb93565645f9a9dc1ddba5d5a80648') in 0.032557 seconds 
========================================================================
Received Import Request.
  Time since last request: 0.000250 seconds.
  path: Assets/Imported Assets/AssetStoreOriginals/_SNAPS_PrototypingAssets/ModernOffice_Interior/Prefabs/Structure/Walls/Meshes/Classic_WallDoorFrame_01_Collider.asset
  artifactKey: Guid(a6b0f648a3b838244a6bb0a13bbed428) Importer(815301076,1909f56bfc062723c751e8b465ee728b)
Start importing Assets/Imported Assets/AssetStoreOriginals/_SNAPS_PrototypingAssets/ModernOffice_Interior/Prefabs/Structure/Walls/Meshes/Classic_WallDoorFrame_01_Collider.asset using Guid(a6b0f648a3b838244a6bb0a13bbed428) Importer(815301076,1909f56bfc062723c751e8b465ee728b)  -> (artifact id: 'c6c9ba3dac8eaa8f221026b2a21766b4') in 0.026722 seconds 
========================================================================
Received Import Request.
  Time since last request: 0.000256 seconds.
  path: Assets/Imported Assets/AssetStoreOriginals/_SNAPS_PrototypingAssets/ModernOffice_Interior/Prefabs/Structure/Walls/Meshes/Classic_WallWindow_03_snaps001.asset
  artifactKey: Guid(9c89630b6ff6b9344a40deead1bec134) Importer(815301076,1909f56bfc062723c751e8b465ee728b)
Start importing Assets/Imported Assets/AssetStoreOriginals/_SNAPS_PrototypingAssets/ModernOffice_Interior/Prefabs/Structure/Walls/Meshes/Classic_WallWindow_03_snaps001.asset using Guid(9c89630b6ff6b9344a40deead1bec134) Importer(815301076,1909f56bfc062723c751e8b465ee728b)  -> (artifact id: '901df57e477f009510b1e93323020820') in 0.031697 seconds 
========================================================================
Received Import Request.
  Time since last request: 0.000105 seconds.
  path: Assets/Imported Assets/AssetStoreOriginals/_SNAPS_PrototypingAssets/ModernOffice_Interior/Prefabs/Structure/Walls/Meshes/Classic_WallWindowFrame_02_Collider.asset
  artifactKey: Guid(b6358bcc72926104c8b2da005e8addcc) Importer(815301076,1909f56bfc062723c751e8b465ee728b)
Start importing Assets/Imported Assets/AssetStoreOriginals/_SNAPS_PrototypingAssets/ModernOffice_Interior/Prefabs/Structure/Walls/Meshes/Classic_WallWindowFrame_02_Collider.asset using Guid(b6358bcc72926104c8b2da005e8addcc) Importer(815301076,1909f56bfc062723c751e8b465ee728b)  -> (artifact id: 'd11f6a57fee71fe4ace4286f5bee83f6') in 0.024984 seconds 
========================================================================
Received Import Request.
  Time since last request: 0.000309 seconds.
  path: Assets/Imported Assets/AssetStoreOriginals/_SNAPS_PrototypingAssets/ModernOffice_Interior/Prefabs/Structure/Walls/Meshes/Neo_Wall_Corner_snaps001.asset
  artifactKey: Guid(c0bad6c81cc82c54c8e6c8d9b396f3d1) Importer(815301076,1909f56bfc062723c751e8b465ee728b)
Start importing Assets/Imported Assets/AssetStoreOriginals/_SNAPS_PrototypingAssets/ModernOffice_Interior/Prefabs/Structure/Walls/Meshes/Neo_Wall_Corner_snaps001.asset using Guid(c0bad6c81cc82c54c8e6c8d9b396f3d1) Importer(815301076,1909f56bfc062723c751e8b465ee728b)  -> (artifact id: 'f559f820e22904777c7fb42694817f3a') in 0.041862 seconds 
========================================================================
Received Import Request.
  Time since last request: 0.000141 seconds.
  path: Assets/Imported Assets/AssetStoreOriginals/_SNAPS_PrototypingAssets/ModernOffice_Interior/Prefabs/Structure/Walls/Meshes/Neo_WallWindow_03_snaps001.asset
  artifactKey: Guid(d42479f36d40fe241a2ec3992c5123e5) Importer(815301076,1909f56bfc062723c751e8b465ee728b)
Start importing Assets/Imported Assets/AssetStoreOriginals/_SNAPS_PrototypingAssets/ModernOffice_Interior/Prefabs/Structure/Walls/Meshes/Neo_WallWindow_03_snaps001.asset using Guid(d42479f36d40fe241a2ec3992c5123e5) Importer(815301076,1909f56bfc062723c751e8b465ee728b)  -> (artifact id: 'a97707b46f651bcc0df8c1818fcbe7e4') in 0.026499 seconds 
========================================================================
Received Import Request.
  Time since last request: 0.000669 seconds.
  path: Assets/Imported Assets/AssetStoreOriginals/_SNAPS_PrototypingAssets/ModernOffice_Interior/Prefabs/Structure/Walls/Meshes/Classic_WallDoubleDoorFrame_01_snaps001.asset
  artifactKey: Guid(21bae7557bef4c44e9c2e1be3729e28a) Importer(815301076,1909f56bfc062723c751e8b465ee728b)
Start importing Assets/Imported Assets/AssetStoreOriginals/_SNAPS_PrototypingAssets/ModernOffice_Interior/Prefabs/Structure/Walls/Meshes/Classic_WallDoubleDoorFrame_01_snaps001.asset using Guid(21bae7557bef4c44e9c2e1be3729e28a) Importer(815301076,1909f56bfc062723c751e8b465ee728b)  -> (artifact id: 'cc662b113163aca08a1f08cd2019194e') in 0.073905 seconds 
========================================================================
Received Import Request.
  Time since last request: 0.000138 seconds.
  path: Assets/Imported Assets/AssetStoreOriginals/_SNAPS_PrototypingAssets/ModernOffice_Interior/Prefabs/Structure/Walls/Meshes/Neo_Wall_snaps001.asset
  artifactKey: Guid(3e8ab2fed2396ac4cbbdbc1f3b74594a) Importer(815301076,1909f56bfc062723c751e8b465ee728b)
Start importing Assets/Imported Assets/AssetStoreOriginals/_SNAPS_PrototypingAssets/ModernOffice_Interior/Prefabs/Structure/Walls/Meshes/Neo_Wall_snaps001.asset using Guid(3e8ab2fed2396ac4cbbdbc1f3b74594a) Importer(815301076,1909f56bfc062723c751e8b465ee728b)  -> (artifact id: 'd01de7468a0ca5d51d5aef7f34765576') in 0.038836 seconds 
========================================================================
Received Import Request.
  Time since last request: 0.000129 seconds.
  path: Assets/Imported Assets/AssetStoreOriginals/_SNAPS_PrototypingAssets/ModernOffice_Interior/Prefabs/Structure/Walls/Meshes/Neo_WallDoubleDoorFrame_snaps001.asset
  artifactKey: Guid(3221b3876f157a841bede9e59b4a3241) Importer(815301076,1909f56bfc062723c751e8b465ee728b)
Start importing Assets/Imported Assets/AssetStoreOriginals/_SNAPS_PrototypingAssets/ModernOffice_Interior/Prefabs/Structure/Walls/Meshes/Neo_WallDoubleDoorFrame_snaps001.asset using Guid(3221b3876f157a841bede9e59b4a3241) Importer(815301076,1909f56bfc062723c751e8b465ee728b)  -> (artifact id: '8bb676fb1edca5ea82f81e4bed7309a1') in 0.034380 seconds 
========================================================================
Received Import Request.
  Time since last request: 0.000136 seconds.
  path: Assets/Imported Assets/AssetStoreOriginals/_SNAPS_PrototypingAssets/ModernOffice_Interior/Prefabs/Structure/Walls/Meshes/Partition_Wall_Corner_snaps001.asset
  artifactKey: Guid(0cd980f4fb7135c498264df4bb1a453b) Importer(815301076,1909f56bfc062723c751e8b465ee728b)
Start importing Assets/Imported Assets/AssetStoreOriginals/_SNAPS_PrototypingAssets/ModernOffice_Interior/Prefabs/Structure/Walls/Meshes/Partition_Wall_Corner_snaps001.asset using Guid(0cd980f4fb7135c498264df4bb1a453b) Importer(815301076,1909f56bfc062723c751e8b465ee728b)  -> (artifact id: 'd8ac463aec34d96252b037f0802bc752') in 0.033574 seconds 
========================================================================
Received Import Request.
  Time since last request: 0.000092 seconds.
  path: Assets/Imported Assets/AssetStoreOriginals/_SNAPS_PrototypingAssets/ModernOffice_Interior/Prefabs/Structure/Walls/Meshes/Classic_WallDoor_01_snaps001.asset
  artifactKey: Guid(c9ff1c63b1d77b047981b5faeb29222f) Importer(815301076,1909f56bfc062723c751e8b465ee728b)
Start importing Assets/Imported Assets/AssetStoreOriginals/_SNAPS_PrototypingAssets/ModernOffice_Interior/Prefabs/Structure/Walls/Meshes/Classic_WallDoor_01_snaps001.asset using Guid(c9ff1c63b1d77b047981b5faeb29222f) Importer(815301076,1909f56bfc062723c751e8b465ee728b)  -> (artifact id: '5b996f8bbc57daebac8f1decbd1a4fee') in 0.018628 seconds 
========================================================================
Received Import Request.
  Time since last request: 0.000161 seconds.
  path: Assets/Imported Assets/AssetStoreOriginals/_SNAPS_PrototypingAssets/ModernOffice_Interior/Prefabs/Structure/Walls/Meshes/Classic_WallDoorFrame_02_Collider.asset
  artifactKey: Guid(049bfbab7d1cc6646a2c09391da92cb0) Importer(815301076,1909f56bfc062723c751e8b465ee728b)
Start importing Assets/Imported Assets/AssetStoreOriginals/_SNAPS_PrototypingAssets/ModernOffice_Interior/Prefabs/Structure/Walls/Meshes/Classic_WallDoorFrame_02_Collider.asset using Guid(049bfbab7d1cc6646a2c09391da92cb0) Importer(815301076,1909f56bfc062723c751e8b465ee728b)  -> (artifact id: '5791768dca2fbd43a43f3c34462b0b83') in 0.023657 seconds 
========================================================================
Received Import Request.
  Time since last request: 0.000151 seconds.
  path: Assets/Imported Assets/AssetStoreOriginals/_SNAPS_PrototypingAssets/ModernOffice_Interior/Prefabs/Structure/Walls/Meshes/Classic_WallDoubleDoorFrame_01_Collider.asset
  artifactKey: Guid(80b620fa4051efe43837b8f21340b071) Importer(815301076,1909f56bfc062723c751e8b465ee728b)
Start importing Assets/Imported Assets/AssetStoreOriginals/_SNAPS_PrototypingAssets/ModernOffice_Interior/Prefabs/Structure/Walls/Meshes/Classic_WallDoubleDoorFrame_01_Collider.asset using Guid(80b620fa4051efe43837b8f21340b071) Importer(815301076,1909f56bfc062723c751e8b465ee728b)  -> (artifact id: '3d3e187a29273b44bfa06844fdc1a0d1') in 0.020780 seconds 
========================================================================
Received Import Request.
  Time since last request: 0.000293 seconds.
  path: Assets/Imported Assets/AssetStoreOriginals/_SNAPS_PrototypingAssets/ModernOffice_Interior/Prefabs/Structure/Walls/Meshes/Neo_Wall_Joint_Collider.asset
  artifactKey: Guid(553a20e38738d384992a7dc9fac90411) Importer(815301076,1909f56bfc062723c751e8b465ee728b)
Start importing Assets/Imported Assets/AssetStoreOriginals/_SNAPS_PrototypingAssets/ModernOffice_Interior/Prefabs/Structure/Walls/Meshes/Neo_Wall_Joint_Collider.asset using Guid(553a20e38738d384992a7dc9fac90411) Importer(815301076,1909f56bfc062723c751e8b465ee728b)  -> (artifact id: 'e036340260a6b26d7472888f0ada7e15') in 0.017339 seconds 
========================================================================
Received Import Request.
  Time since last request: 0.000184 seconds.
  path: Assets/Imported Assets/AssetStoreOriginals/_SNAPS_PrototypingAssets/ModernOffice_Interior/Prefabs/Structure/Walls/Meshes/Neo_WallDoorFrame_01_Collider.asset
  artifactKey: Guid(ed5424c359dd6c7469e3197d09b54bfc) Importer(815301076,1909f56bfc062723c751e8b465ee728b)
Start importing Assets/Imported Assets/AssetStoreOriginals/_SNAPS_PrototypingAssets/ModernOffice_Interior/Prefabs/Structure/Walls/Meshes/Neo_WallDoorFrame_01_Collider.asset using Guid(ed5424c359dd6c7469e3197d09b54bfc) Importer(815301076,1909f56bfc062723c751e8b465ee728b)  -> (artifact id: 'b58d239ddfa5be1b2174370f362edbda') in 0.021596 seconds 
========================================================================
Received Import Request.
  Time since last request: 0.000096 seconds.
  path: Assets/Imported Assets/AssetStoreOriginals/_SNAPS_PrototypingAssets/ModernOffice_Interior/Prefabs/Structure/Walls/Meshes/Classic_WallWindow_02_snaps001.asset
  artifactKey: Guid(c191f514ce828f3459315e4a6ce580a2) Importer(815301076,1909f56bfc062723c751e8b465ee728b)
Start importing Assets/Imported Assets/AssetStoreOriginals/_SNAPS_PrototypingAssets/ModernOffice_Interior/Prefabs/Structure/Walls/Meshes/Classic_WallWindow_02_snaps001.asset using Guid(c191f514ce828f3459315e4a6ce580a2) Importer(815301076,1909f56bfc062723c751e8b465ee728b)  -> (artifact id: '0c6444dafef6e4aa423dc67814e2b725') in 0.021666 seconds 
========================================================================
Received Import Request.
  Time since last request: 0.000089 seconds.
  path: Assets/Imported Assets/AssetStoreOriginals/_SNAPS_PrototypingAssets/ModernOffice_Interior/Prefabs/Structure/Walls/Meshes/Neo_WallWindowFrame_02_Collider.asset
  artifactKey: Guid(e27d3e8dafc1ca141a3837b5f07f6a49) Importer(815301076,1909f56bfc062723c751e8b465ee728b)
Start importing Assets/Imported Assets/AssetStoreOriginals/_SNAPS_PrototypingAssets/ModernOffice_Interior/Prefabs/Structure/Walls/Meshes/Neo_WallWindowFrame_02_Collider.asset using Guid(e27d3e8dafc1ca141a3837b5f07f6a49) Importer(815301076,1909f56bfc062723c751e8b465ee728b)  -> (artifact id: 'd1f10ad8a526e86ac58f1e44b8b46040') in 0.015047 seconds 
========================================================================
Received Import Request.
  Time since last request: 0.000319 seconds.
  path: Assets/Imported Assets/AssetStoreOriginals/_SNAPS_PrototypingAssets/ModernOffice_Interior/Prefabs/Structure/Walls/Meshes/Partition_Wall_Corner_Collider.asset
  artifactKey: Guid(d246e54ec8fccd34fa31bcbb9af1b368) Importer(815301076,1909f56bfc062723c751e8b465ee728b)
Start importing Assets/Imported Assets/AssetStoreOriginals/_SNAPS_PrototypingAssets/ModernOffice_Interior/Prefabs/Structure/Walls/Meshes/Partition_Wall_Corner_Collider.asset using Guid(d246e54ec8fccd34fa31bcbb9af1b368) Importer(815301076,1909f56bfc062723c751e8b465ee728b)  -> (artifact id: 'af27ef3ebaac9aae228238970aa83612') in 0.015780 seconds 
